userid	fannums
833	61061
1128	23627
1630	11207
1774	35929
1812	19711
6862	14961
7597	65369
9989	36064
10780	262614
12207	47510
12662	21917
13719	16987
17003	125419
17606	11779
17711	11605
18755	198155
21919	17974
33926	24122
34016	11014
34776	33121
35414	36980
35515	33636
35788	37727
37377	10319
38713	38301
39269	49810
41688	14362
44445	41933
47391	58045
48340	21639
48568	114947
50109	25733
50887	31252
51813	37719
54148	53690
57886	11531
61386	18431
63144	19815
68734	17405
69844	36943
70108	32539
70403	11696
70543	43500
70583	33631
71306	38157
72715	14056
75790	17028
76445	87770
82720	46625
83843	11796
86035	22371
87341	11248
87737	11586
88069	704465
88994	152079
90754	12543
93416	961880
94277	56156
96193	67371
100397	56377
107824	36703
108130	22202
114418	11575
118662	11386
118895	10786
119883	11247
119903	30055
120590	49762
122176	34329
123685	54030
123775	23664
124332	17247
125064	10685
125475	105009
125937	11080
126000	42929
127475	10100
128929	11683
129176	12394
130316	18484
132835	17793
133661	20947
133937	20731
135834	13440
140284	18317
141175	24870
146200	21250
146609	11530
148378	27823
156644	10868
159295	23225
168010	121963
171138	13860
172522	11187
177082	36324
177673	54086
182474	52958
183516	2631982
184405	32577
185110	58032
187111	14954
187705	819049
189205	12186
190062	11027
191384	36413
192145	10896
193668	10520
194595	58366
196254	323594
196740	21521
203841	14743
207125	27542
207820	13736
210790	12409
215647	10852
218000	30167
218531	124295
228515	16359
230168	342671
230756	16998
231203	54905
232207	12263
243671	117603
243831	35318
246635	18020
249492	99773
255699	11509
262470	14593
267098	10814
268187	93286
268949	10074
269473	81560
273498	15528
273771	29478
274098	32156
275288	57624
275390	23628
277025	32112
283778	17846
286063	57522
287381	11943
289027	11725
289061	10871
289188	47774
292476	21585
293295	17122
298810	39259
301891	17562
305692	10555
308122	30770
311321	11496
324316	813139
325563	25755
326679	13079
328339	10340
330448	125589
334413	14277
337477	65512
337680	55903
344156	34472
347674	15142
349055	21621
352591	113676
353158	11775
353171	15601
363249	89215
364960	12718
367110	16908
370898	1909125
371201	1444467
371742	24534
378648	12846
385109	11595
385649	16419
386356	16055
388164	12791
392850	81184
394133	14257
394339	12756
394515	10144
396128	61319
399876	155267
403997	13530
412976	71031
414313	28460
419808	55628
422172	41948
423040	17794
427679	14363
430028	15794
431642	15881
435990	20803
436963	52457
439675	16276
440286	10478
442264	16901
442300	46398
444880	17669
445009	136263
445837	30540
447637	22922
450826	54437
451225	21351
454572	23121
457441	22120
459717	44406
461270	11998
461329	16073
462036	23448
462891	188938
466943	27734
467968	29055
469089	106133
469103	49905
480996	78763
482488	14289
484717	11117
488384	10253
488478	14086
491071	67429
491476	17132
497079	13121
497641	15426
501317	23361
502770	23831
503554	11673
506849	49756
511179	12405
512810	53220
516664	37487
517840	30654
527962	180570
528638	16050
530649	160620
530742	19236
534389	253157
535495	16676
542777	62574
544535	76900
544621	19996
552518	14718
552767	42108
555206	43188
557886	84952
561584	41719
562378	376627
562418	31508
562836	14407
564166	14879
569289	10464
570864	10468
570952	13734
574614	10680
576730	191827
576858	21337
577628	13698
583451	47655
584765	117932
586303	10816
587307	14311
594994	13933
596366	18357
605253	18426
605297	13126
606466	11774
606831	55409
609395	10931
611989	10225
614246	10641
614328	10661
614622	25292
617433	24801
617556	10157
618373	62043
618683	10027
622899	53115
623842	24434
625193	36165
628670	12522
629126	27221
629777	13626
632834	16494
633818	115140
634746	10235
635704	14281
639709	26356
642696	25304
642868	24350
644300	23972
645195	13629
645408	25714
646256	34171
649137	23908
649262	401538
649937	17148
650709	14471
651339	12166
652278	11785
652314	12309
653361	19164
656059	58921
656482	122798
656625	27068
657301	21154
657656	10086
658108	351225
661604	12631
661965	10449
662661	120823
667757	16725
669784	12661
669872	19491
670527	11501
670612	41368
674275	10273
675539	24422
675634	34726
676196	12829
681515	24076
682587	14101
683860	21099
686167	107527
690556	10225
691615	10529
691864	50995
694598	15005
696197	10855
696745	15990
697507	31247
697624	88369
700020	732291
702261	24074
702570	60203
702812	12075
705901	11128
707113	17565
707729	22569
707972	16708
709137	25860
711039	33097
713769	11373
718423	10580
719754	35377
720003	12322
727047	22387
727186	16709
730518	25942
734206	16355
736563	23352
742296	276643
742871	81991
746877	12639
753362	30253
755946	105773
759315	77220
759413	34339
759595	23512
763297	53095
764255	34668
764541	23925
767132	10462
767173	12836
769942	17794
771752	238191
771985	16473
772015	33897
773990	41191
778774	14368
783017	30732
784537	10010
785171	24249
791834	25744
792128	18149
798873	12028
800118	670009
808040	89299
816658	61857
818956	13600
823729	25653
824768	46689
824926	29699
828785	16523
832127	67868
837842	25059
838314	10204
843406	40782
845203	21228
850389	678900
853081	142880
857366	186972
860738	12406
865887	19691
866584	16206
867220	295353
878176	11958
879395	36944
881964	13207
883485	23420
884759	24197
889749	20542
892669	17650
893259	42924
900477	39081
904594	24726
911273	14475
914627	124164
915674	157508
915945	18683
916876	57642
924646	10419
925040	53888
925619	502761
926505	22237
931338	13758
933636	13458
934974	71232
939048	11647
939150	31780
941261	1940612
941295	13140
942320	17603
951609	469910
956412	11731
958008	12271
958705	34557
958824	10196
959507	16755
960963	13995
961380	94120
962386	373674
963342	33098
965436	73432
966673	12078
966968	20299
967684	10925
968817	10470
969146	100698
970682	16921
972821	26778
975826	76714
977726	11863
978750	17987
979711	129193
982495	11465
985494	931001
986531	287715
994629	20252
1001801	13137
1005078	74405
1007418	846339
1008136	15063
1010742	129034
1016293	125975
1016966	11189
1016973	37071
1018457	88393
1021516	11712
1021517	19308
1023422	36261
1025283	22280
1026102	15473
1035562	12378
1040331	85423
1040343	842153
1040392	19517
1047873	28122
1054739	219532
1057878	20768
1062898	17204
1063303	11006
1064573	222752
1066419	23367
1068013	48230
1068113	20961
1074495	195879
1075765	20057
1076218	14409
1078355	14160
1078466	30581
1079911	19552
1080839	11202
1081450	21442
1083855	273682
1084379	18967
1084519	12653
1086759	14234
1087288	79831
1088207	22658
1094122	16184
1094877	18223
1104793	17259
1108806	23326
1110597	15340
1117179	91826
1125020	10471
1129806	39393
1130049	25470
1131089	14402
1136796	208308
1147298	94749
1150318	216172
1151476	13816
1154796	20732
1157730	32643
1159287	11165
1159541	22074
1160957	786399
1161536	39773
1164605	10350
1167141	17845
1168144	11466
1168871	36855
1170080	27855
1174255	112432
1174993	31928
1178557	27466
1180397	24705
1186269	12401
1192273	11054
1192532	10003
1199771	202789
1200372	21004
1202283	17821
1202934	10671
1203833	69982
1204208	100697
1205392	12091
1206147	31287
1208231	237423
1208580	417164
1208974	21687
1210081	16595
1212325	38426
1214245	25908
1214397	25938
1222026	20615
1222720	55094
1227138	167137
1227476	20276
1231913	92066
1235220	24150
1242127	13836
1245442	653571
1248207	47035
1256766	43562
1257026	82298
1258010	11739
1258982	16331
1260307	56402
1265762	30717
1274510	20475
1277559	13245
1280441	11398
1280736	367542
1282494	30367
1283752	13941
1284013	56798
1292542	11997
1296940	11460
1298730	10080
1299822	36434
1303612	20726
1304053	237765
1307936	20422
1308792	12729
1313445	21720
1314546	724371
1315582	45390
1315748	19435
1316865	20107
1317450	20274
1323854	14246
1332323	20578
1342605	817997
1343395	1435627
1344254	249514
1345737	666162
1346148	70611
1353008	2458571
1353313	15726
1354904	31480
1365909	51641
1369458	770231
1370761	14278
1377997	25211
1383199	27867
1383230	81908
1384626	73807
1384822	11194
1385534	12004
1388587	64947
1390532	12479
1397182	15519
1399364	37998
1400211	59864
1403870	392171
1404783	11875
1409028	16684
1411546	81787
1416858	14788
1423951	32779
1427582	23370
1427706	20687
1427753	18391
1431748	32486
1435931	30745
1437610	21541
1438384	116637
1445651	687856
1448228	180067
1449584	24320
1453312	187063
1463722	11728
1464538	12924
1466009	24722
1469343	16993
1476732	245604
1477412	19983
1477493	23499
1481473	15676
1491147	14781
1492773	50181
1498015	43299
1499337	12312
1501572	326401
1507949	34907
1512153	19542
1518101	17249
1518341	61004
1524379	13234
1532098	17784
1538176	169272
1538536	26237
1540450	112443
1540818	15210
1541566	61909
1542621	15099
1546638	11979
1548181	13425
1548871	58396
1556739	53944
1557596	23946
1561930	12472
1563732	65741
1565071	10262
1565116	150407
1566600	54218
1570436	20278
1572224	24024
1575967	18012
1580801	14383
1580994	10123
1588823	11610
1589631	18085
1589802	16093
1597282	53430
1597961	16181
1600872	11166
1610338	17717
1611804	360127
1614361	1172352
1617987	225340
1621622	12470
1623699	12363
1624912	10717
1627122	16691
1628216	16073
1628752	10109
1629982	2123317
1632907	10854
1634441	11471
1637477	18129
1640246	12827
1642901	67407
1643459	171025
1643552	42921
1646474	20450
1658694	22919
1660598	47623
1661541	52483
1668654	16406
1668936	63966
1670960	46602
1671009	31359
1672268	84358
1672961	20362
1673847	10909
1674845	21160
1677795	31070
1678054	10851
1684599	11512
1684685	10147
1686049	905213
1689207	152436
1692358	499433
1692993	12078
1694146	16761
1697102	12542
1698478	177787
1699610	10283
1701577	119878
1716177	31053
1729478	73185
1729495	29894
1733345	12121
1738871	13754
1740342	39281
1742731	60607
1744366	35635
1747883	26835
1755888	16892
1757851	28335
1758126	10085
1762582	22674
1767037	22763
1769483	10301
1770178	14584
1771554	10641
1778033	18328
1778240	54774
1785789	13309
1786635	10753
1788482	23804
1790450	13229
1793566	28508
1795049	19724
1799198	34291
1799334	53262
1801960	37020
1804386	66136
1811623	10956
1823115	113055
1824966	782388
1826040	11437
1831219	16973
1833248	33733
1833533	10817
1837858	34735
1842160	11499
1844992	16351
1845827	109872
1846928	15318
1847743	11646
1849389	110990
1860159	17833
1861371	65334
1869082	14904
1870589	53622
1871997	14740
1873862	28255
1876401	11701
1881149	18421
1883988	35037
1889474	14079
1890234	16255
1894654	17366
1894718	23482
1897463	11186
1897933	11668
1898217	24963
1900288	14987
1908236	22971
1909119	234374
1909300	17509
1909661	67493
1921558	28300
1921854	39395
1922227	979925
1927076	10447
1937810	15814
1937861	13018
1941291	97046
1946089	12625
1959804	106154
1962116	16387
1964985	13647
1965097	216123
1973295	14170
1976908	12508
1982255	35399
1994568	17193
1999602	70800
2009901	12540
2010681	41532
2012271	33530
2015212	10973
2019235	28981
2023236	15210
2024200	13069
2025296	17944
2027416	15721
2028420	768716
2029144	105107
2032365	51236
2036682	36598
2040921	3664995
2045634	25956
2046023	22775
2047928	31689
2053564	31471
2069213	45769
2076418	15512
2083053	25288
2084913	29292
2086396	11469
2092915	100639
2094764	20280
2097132	96796
2097352	10832
2097402	11046
2103418	14949
2108330	14172
2109207	30373
2109261	15818
2115041	11447
2116951	11581
2123918	12750
2139095	11031
2139484	11876
2152670	17244
2158506	802397
2158595	37808
2159322	32421
2159898	11934
2161774	144693
2164649	10371
2167502	66566
2169490	12703
2182744	19056
2187281	13197
2188420	10536
2189898	12018
2190007	84126
2190304	10544
2194582	16325
2202150	22323
2208454	16077
2212914	17453
2220457	10197
2223619	41055
2227385	14859
2229293	12895
2230096	10850
2233298	30011
2239026	10704
2241159	30482
2246129	36027
2249334	10846
2257318	15312
2260424	10957
2263602	150764
2265246	27097
2265435	34288
2267661	381389
2268018	12056
2269433	389841
2271858	21056
2275945	55142
2276933	13212
2278742	15526
2281547	11391
2282041	26840
2285204	306497
2292464	22809
2296227	29165
2302642	13733
2318486	28453
2323507	15981
2332108	17926
2333135	12962
2334063	62178
2335204	12468
2336238	170666
2337568	13604
2339106	17957
2345881	14597
2347358	21091
2353821	118597
2360175	11101
2364753	23507
2366450	14508
2369573	69072
2374229	36128
2377292	10873
2383126	38469
2393589	17378
2404900	16665
2414669	68638
2417660	128375
2417901	41376
2418294	21787
2421946	20539
2424468	33236
2424583	72969
2424905	186140
2433363	10959
2437031	26660
2437676	13614
2446520	35382
2465012	39520
2494904	11837
2496815	51701
2502706	59486
2504982	13878
2509126	12774
2517474	17350
2520528	45979
2520883	17141
2536339	138988
2539331	11040
2542409	18765
2548753	23570
2552276	19270
2554397	128163
2557512	10189
2561085	46174
2562191	17320
2564545	14920
2567534	15338
2567543	18985
2571373	49898
2576250	22200
2577712	17020
2580439	10422
2581634	39121
2592051	30171
2596606	10813
2602284	43340
2606955	12076
2612564	16703
2614630	10286
2616818	15458
2618691	52878
2619041	10617
2620960	17533
2621809	23715
2625800	15943
2634303	23293
2639723	23787
2640233	37134
2643472	30253
2643740	10619
2644149	36734
2647303	16835
2650122	26689
2652176	49697
2655765	10328
2659456	21460
2662148	11240
2668622	31015
2669007	136457
2669177	10844
2675873	22391
2677277	11016
2681260	12968
2681864	12440
2682126	10652
2682187	24479
2684618	420406
2686780	19476
2687202	10391
2696882	34271
2698893	27923
2700219	35974
2701263	12606
2701661	13111
2702734	13488
2707076	11241
2712750	19784
2716895	13891
2720996	68009
2721550	23459
2738957	15510
2750701	47268
2753803	17792
2756724	11691
2758009	10107
2764463	10306
2765263	20253
2765447	15439
2767727	10867
2782685	20339
2786627	12724
2786737	16463
2805830	24380
2806771	11703
2808507	10415
2813758	54923
2818959	20439
2820244	15700
2832932	17891
2834188	12924
2847671	155466
2847672	66278
2860573	28757
2864412	53950
2865613	23961
2869463	13616
2877404	24083
2877983	74145
2884845	175541
2888781	14352
2890105	32953
2890210	11576
2894857	22347
2900008	17598
2901299	16228
2923387	331597
2926176	10383
2927239	12214
2928807	31390
2930449	18975
2931404	184585
2931998	11570
2935100	27184
2942487	12379
2945801	267330
2949493	32330
2952989	14669
2956680	22521
2957551	11311
2958377	46493
2958560	10939
2961352	32581
2965734	46624
2969551	27049
2972262	16003
2973000	12536
2973863	15216
2976966	1477127
2979925	22468
2984490	22051
2991897	54769
3005034	10149
3006600	15553
3006880	15036
3014968	13287
3016495	25779
3018288	358379
3019325	14760
3024260	28077
3024364	13722
3026931	19123
3027458	99097
3035334	11492
3038430	90385
3038687	29657
3043740	18075
3045667	13921
3053691	39137
3072943	18137
3073582	157909
3076887	18452
3083931	14836
3099415	20373
3101406	13628
3102368	20721
3104144	17390
3105344	16692
3112456	50582
3116569	28512
3116643	30587
3127235	450960
3132605	15463
3138568	11568
3139350	27557
3139956	12969
3144687	10701
3145933	29868
3148677	15550
3151396	21872
3152381	10767
3157719	30346
3158899	79150
3171793	12999
3172910	632956
3180741	23250
3190990	10784
3194588	22804
3198712	34838
3202821	10969
3207441	14027
3210543	11101
3210807	15089
3212861	17076
3216504	125941
3219018	31203
3227662	96004
3230969	13685
3238114	63270
3240529	28608
3240771	29383
3241335	90585
3253319	11918
3254592	15665
3256875	2203790
3261115	35113
3263159	87710
3273046	21638
3273836	39630
3278283	21762
3278816	45928
3284819	11232
3287965	18212
3290047	11415
3291747	54899
3296152	50329
3300174	38057
3304148	25085
3319856	60070
3323977	51753
3328389	101108
3330028	188225
3334764	13621
3343855	18230
3348126	29562
3349432	13556
3350716	14916
3352125	47049
3357001	12739
3359182	21071
3363613	12848
3364063	25961
3371449	11755
3377607	18691
3389035	23168
3390846	12304
3391878	11143
3391899	10787
3393627	35246
3396190	12627
3407600	15595
3409824	10650
3410994	20195
3415223	292532
3424156	14369
3431698	10952
3434599	10772
3435932	56648
3436132	59660
3439394	13277
3456606	16879
3456681	16162
3457199	59310
3472396	10769
3475322	10619
3477811	54902
3478996	21322
3482666	55447
3499539	10063
3499938	12294
3507043	42393
3507494	10011
3511643	22269
3514695	19021
3514927	12230
3519183	13878
3521035	23848
3521158	15249
3525045	12369
3529246	12928
3530850	27318
3532798	10664
3534211	28582
3537307	22418
3557048	14031
3558267	22505
3572349	30060
3573770	15626
3576248	23497
3577058	10332
3582959	19998
3591002	20478
3596161	17858
3605751	13964
3606430	21519
3608427	12690
3610633	19840
3610871	13904
3610875	10630
3614504	18618
3618796	14404
3623048	21987
3626279	25030
3628501	12092
3628889	32087
3645567	11119
3646475	14056
3648335	49159
3652035	15640
3659891	425133
3669015	11339
3673845	35796
3674118	29894
3676761	23350
3690793	22639
3692309	24675
3693750	97835
3694421	10212
3694792	13901
3702796	34851
3716657	13726
3719694	25117
3722751	83132
3729198	10542
3735869	13404
3737919	103307
3740143	14056
3743220	16218
3746746	24461
3747502	83324
3747513	17357
3751533	17333
3752186	18073
3756600	21125
3759404	10442
3766369	272970
3768196	38919
3773414	28892
3777926	67202
3779107	43986
3781689	31883
3785299	12993
3804430	24877
3808384	248403
3814515	10060
3815597	50499
3817841	10477
3820193	26547
3828474	197150
3828773	20466
3834051	62763
3837817	27997
3839708	46783
3854063	22633
3858289	51663
3860556	173343
3860900	51699
3868232	35349
3882401	15906
3884309	11461
3885500	22616
3889455	13265
3894993	25788
3895072	16527
3902809	17016
3909116	16061
3910806	24577
3911799	15470
3912251	21881
3912486	26057
3925996	40160
3926931	11667
3935398	20888
3941113	17759
3949153	12160
3954494	11392
3964533	12790
3966424	10352
3973511	28090
3984262	14081
3989685	13877
3995494	21849
4004861	63941
4008557	59315
4020488	10154
4024235	16406
4027247	33571
4030625	13404
4053428	110699
4055716	67690
4058660	522852
4067207	33007
4078270	12707
4078430	14198
4079471	14029
4086407	16260
4089356	21205
4095780	11414
4099326	13296
4104471	11931
4109679	12374
4114845	52325
4116891	24029
4117345	20467
4117552	77118
4124491	59436
4125221	11146
4132395	14192
4132501	52873
4133846	28530
4142719	112581
4145062	24160
4145767	22080
4152610	47816
4169477	16258
4170336	14841
4176537	49524
4177327	18163
4181521	27816
4187039	10241
4189339	29006
4190580	63106
4202647	17530
4204102	21972
4204132	16438
4207047	26112
4226454	17619
4238575	46121
4239744	12633
4249976	20405
4250310	12444
4254112	26329
4257498	1885530
4261596	14387
4264895	14037
4273758	27630
4287096	13863
4288337	13729
4288818	28255
4291816	11396
4303582	48866
4308077	25256
4317790	13694
4319203	14769
4323482	20723
4325913	10199
4330197	21836
4333066	16773
4335229	30589
4337760	14619
4338354	23212
4354791	40002
4356375	29512
4361065	12577
4371018	54528
4377484	22244
4384483	82559
4393413	102582
4393466	14565
4398652	11031
4413965	16090
4416373	14526
4427040	20352
4427317	12786
4429530	15520
4435172	11027
4440590	26224
4448095	272167
4449714	49407
4451070	11887
4462035	19896
4469796	15790
4473990	45030
4479157	22367
4479352	14916
4481309	17902
4493547	47682
4495929	10584
4497236	13664
4497493	15501
4497903	16803
4507944	15425
4508242	16525
4510543	31576
4511449	13247
4516364	10374
4520370	11167
4524045	14019
4527493	13973
4529732	12477
4537518	41713
4537646	15745
4542522	82246
4542672	111927
4543710	13120
4548370	384777
4548863	196817
4549370	20588
4552490	10148
4555019	10595
4557529	114697
4566505	12980
4566868	15242
4569509	30465
4574757	11710
4593781	10063
4593822	15098
4595433	168169
4596734	28315
4598898	248809
4599700	81771
4604836	12714
4607036	41089
4611099	12551
4614109	15276
4618737	19924
4620748	37990
4641101	18999
4641216	13205
4645222	223765
4648613	22161
4652430	28236
4660775	14343
4671843	10319
4680919	50074
4692905	46558
4694699	11370
4696825	10236
4700516	51709
4705007	47238
4723134	12031
4736715	13180
4738982	10281
4739319	12028
4742251	59831
4750895	22152
4752486	27699
4756672	47511
4759185	13124
4762273	12736
4764918	24316
4768512	15027
4772829	12365
4780966	11550
4798525	19053
4799983	46967
4800653	13688
4804724	24724
4806060	38000
4807123	16055
4809909	346156
4815561	26913
4817585	17954
4830308	10683
4831739	87672
4835454	95944
4845304	28695
4851458	209321
4852492	11220
4859243	64640
4870820	45694
4894151	29366
4898473	12380
4899892	47226
4904155	11478
4922422	653848
4928177	188569
4951204	20783
4955456	12635
4955746	49584
4961706	13173
4961817	15270
4966007	153063
4966691	13694
4984170	17223
4995064	13637
5001673	255882
5020427	19240
5021684	32431
5023998	23969
5025117	29982
5030687	11562
5034197	900134
5034705	31394
5035840	22076
5051011	27166
5077307	48027
5082259	33905
5082289	11908
5085396	10089
5089033	13677
5092684	43168
5095897	45380
5099993	30014
5102767	18231
5107224	73215
5117837	18738
5117935	28013
5121645	10736
5126009	13207
5133910	10518
5141878	14339
5145118	11991
5151022	53790
5159018	38100
5160643	55204
5165378	53292
5166151	14886
5170581	25264
5171487	10482
5178019	10859
5185561	12529
5188476	24680
5192852	27277
5204641	36422
5205348	35474
5209849	15084
5217463	10284
5221009	30291
5224785	42657
5228755	11535
5234176	16999
5244734	46303
5248794	11966
5262488	24195
5265167	12717
5278441	33360
5279838	16233
5293066	11531
5295791	22267
5300948	12067
5301778	45029
5308460	11795
5318163	27579
5319914	12626
5325236	23847
5325440	85171
5337524	11808
5382373	15756
5382977	62772
5385347	19648
5393265	10828
5393638	10234
5399264	19309
5400177	154226
5415343	11706
5423886	16941
5433976	13327
5434351	51774
5441309	11638
5446292	28794
5449650	31540
5450403	12418
5452780	85925
5455095	23376
5455612	34692
5459033	61482
5462423	85562
5462474	37634
5472045	11411
5474767	19132
5477224	48891
5478516	10315
5482214	287274
5489976	51120
5492008	10047
5503362	164046
5507604	74598
5514120	25095
5518693	76025
5525719	15040
5526528	13932
5540197	10285
5541401	14999
5544107	12507
5547820	23937
5556791	154653
5565211	481061
5567446	117069
5568649	36298
5576961	50716
5601325	19847
5604008	15592
5612499	32122
5621722	61909
5634698	39525
5637519	18552
5638070	22141
5641571	11476
5647415	11780
5653478	24344
5661241	31667
5666431	15079
5666873	20832
5667963	16382
5674693	14994
5684723	11517
5686280	10118
5702643	28443
5706598	36379
5710212	17218
5710547	21057
5711119	14197
5711717	14841
5717706	123553
5725539	19573
5740153	14683
5742496	49998
5743916	13508
5749477	17437
5751460	37683
5752283	57449
5763200	21439
5773942	17581
5779588	113885
5787411	12519
5788027	26834
5789467	29050
5802401	16085
5802754	17108
5803759	11685
5819233	12719
5826934	24867
5839300	25811
5840241	13979
5849524	19236
5851506	10193
5856053	11203
5866039	13721
5867265	88130
5871703	54895
5876471	14104
5876563	10470
5880126	138191
5891258	47940
5899949	15146
5900679	32675
5911686	11185
5912085	16339
5919075	63849
5922718	23751
5922978	245385
5924126	19376
5930099	38244
5931433	32567
5941101	13923
5944126	10956
5950325	64298
5954568	11005
5966666	47851
5972810	30845
5993500	25408
5998046	13689
6000158	21502
6001455	19640
6002064	22755
6008533	18756
6012788	13933
6012875	31395
6019419	48131
6021817	17336
6025153	16032
6044150	18242
6046919	16086
6050368	452975
6063462	22730
6072514	31477
6077643	129040
6078065	30094
6086697	18333
6089375	24521
6100885	17455
6103436	26594
6105868	11575
6108252	11651
6116902	44494
6120316	56892
6123314	24093
6128344	13197
6133388	24462
6137841	43678
6146587	30831
6157875	19339
6173371	16632
6180590	10149
6182106	17828
6182552	12046
6187087	30301
6187576	11512
6203076	41556
6203291	12000
6203375	138563
6234140	19641
6236233	40010
6237007	10510
6251518	12672
6274438	15584
6276481	99498
6278765	18511
6290058	17987
6298351	56394
6314826	255393
6316967	49164
6319740	14881
6325464	109314
6334235	16446
6344607	30344
6349607	36907
6349653	48625
6352222	11087
6353444	11714
6370865	24525
6373783	10260
6374652	13291
6385881	331695
6386457	13310
6388679	15708
6397867	20367
6402018	14376
6410770	71533
6411539	13312
6415997	18613
6425287	17883
6427632	77664
6442117	10141
6445882	17758
6447565	28598
6448351	12678
6449159	52688
6479106	81263
6488914	19215
6512726	24737
6512939	10280
6513074	15692
6515468	16192
6519460	51025
6530097	12646
6532022	11010
6532622	39245
6537689	11524
6539236	94960
6539348	10043
6542850	19576
6553185	27305
6610556	16883
6610692	13317
6611130	11660
6623079	12866
6628034	61482
6630192	23492
6631319	11921
6635217	10168
6636192	13291
6636599	49548
6648449	20336
6648710	77655
6663066	17435
6664030	113371
6676650	15119
6680422	14539
6686305	14404
6706947	11789
6715731	26421
6721414	299042
6725481	61226
6737388	41038
6745019	51993
6757632	15016
6761486	31988
6761689	22619
6775646	13798
6784366	48916
6788764	10344
6789617	40784
6805234	12935
6813480	15080
6815102	19138
6822954	11973
6842314	15799
6843560	11742
6846349	12965
6848434	29835
6854826	14864
6855255	15810
6868434	47942
6871878	11005
6872551	11260
6875406	120733
6877122	14122
6881117	50776
6886405	63945
6889276	22556
6897810	11867
6899471	47892
6901496	15431
6901851	39770
6907327	16212
6913698	13435
6924299	27807
6935347	20185
6936416	11747
6938528	12410
6938792	13765
6941371	13456
6954151	46960
6968880	11574
6971388	181951
6973196	24776
6991902	28590
6999958	20941
7003111	14312
7005053	19670
7009635	29251
7014430	52579
7019208	11452
7023117	12189
7031413	21815
7041117	10042
7048621	22845
7108921	21807
7131618	50829
7155625	13384
7167751	11321
7176023	10679
7176271	13307
7177044	81735
7182681	24822
7192849	11087
7199189	45123
7368861	17370
7409473	685563
7460350	24083
7473915	10831
7486673	21030
7489105	25759
7489129	10558
7502715	24662
7512347	16452
7529981	15490
7538121	19908
7553340	22925
7572995	10799
7574414	24696
7582794	22472
7589412	263059
7589831	11922
7603321	12063
7604512	11454
7616489	10448
7656772	20771
7904200	19912
7935441	12341
7936108	16773
7944822	13395
8005593	51815
8024971	20478
8028955	71503
8039802	19662
8042387	61673
8046557	13385
8451011	21187
8692866	10052
8694598	34715
8700812	16824
8704133	11766
8711175	13528
8712574	68102
8723440	15065
8727639	13431
8728918	267495
8732108	34641
8735390	51936
8736853	10690
8744042	13672
8751306	21532
8760594	11121
8763626	19204
8772590	11491
8773801	12380
8786756	16226
8801800	14872
8805899	27076
8806352	108963
8846694	10298
8847213	12467
8859989	47069
8861724	11938
8869255	44788
8873073	10807
8878460	10053
8887999	168378
8890363	24850
8895360	48824
8896467	17475
8898169	16021
8905727	20187
8915576	22378
8917672	12001
8921379	11583
8928594	21334
8929070	10218
8931068	752996
8946615	28589
8947772	89402
8948944	11806
8957365	11589
8962325	13535
8963486	77023
8969533	31695
8969775	16285
8973256	13319
8975874	10964
8976585	414503
8977333	12621
8981966	13443
8985330	39049
8986655	22059
8989742	17203
8990147	18231
8993524	51391
8998179	11710
9004036	14899
9007594	25477
9008539	219346
9016218	238418
9023124	14109
9026914	61215
9027051	35744
9031540	20939
9034654	25691
9035265	22870
9041782	200973
9043649	11977
9046768	15353
9057036	69977
9058635	10037
9064956	112935
9065973	14243
9081233	20823
9083732	1379093
9101045	138240
9104569	23030
9105226	11782
9106931	11373
9115797	10399
9121905	22226
9134700	70442
9148202	387641
9149351	71726
9156739	33363
9159074	13307
9161274	11508
9162528	24189
9164663	10665
9189822	15435
9194751	17416
9197988	13151
9205234	144909
9210333	27951
9212003	12026
9212393	15707
9221155	53764
9222192	11570
9231709	10884
9232490	35132
9234553	19897
9259884	39002
9261969	63744
9288165	27131
9288512	16811
9290802	61895
9303492	25241
9314719	15907
9332843	10025
9342905	22530
9348183	100491
9368537	12543
9379792	17908
9391033	137489
9391218	93281
9397722	11000
9397761	35985
9412019	12234
9415530	36316
9421469	27748
9421685	486320
9424985	62905
9426101	47754
9427125	28588
9432065	18295
9433225	12829
9434196	51498
9452513	34589
9453113	10952
9454110	10472
9463040	141027
9471215	34642
9471403	268478
9477831	10119
9478492	10435
9479623	14561
9480394	22898
9489370	123077
9493905	113572
9499600	34621
9501490	10965
9506062	11489
9508732	10060
9513283	15116
9515138	22394
9515511	17250
9520197	10049
9544143	10068
9556024	18893
9557163	18066
9558690	10424
9558898	12579
9562767	19929
9585885	60207
9586708	47680
9592755	18813
9606508	34692
9610234	10326
9611217	10310
9614032	11246
9622832	197643
9643095	14847
9649067	19703
9668643	20716
9672768	168939
9677888	108121
9683780	16967
9699815	10559
9706783	408433
9717698	296625
9724211	26855
9728528	10515
9742157	11032
9751958	15093
9764216	14608
9779727	62177
9784666	12878
9794000	12983
9800343	10860
9806973	437631
9811382	74948
9814422	10737
9816657	12801
9818506	19260
9818670	20652
9827871	43116
9859700	11706
9869038	27421
9879079	21645
9880021	22799
9880682	15890
9886271	16856
9888322	17712
9907385	20881
9920530	40275
9925226	23933
9934599	43287
9935345	69647
9943767	11707
9948421	827551
9954146	32645
9961750	71611
9962483	109475
9968570	16664
9971619	53521
9971661	472275
9975010	20270
9977318	13124
9985012	45550
9999246	51099
10013694	10389
10026893	14626
10029051	40742
10034430	11396
10035496	13953
10046221	19122
10057188	56902
10057784	13555
10059159	10736
10065481	12409
10082422	11585
10091917	63731
10093179	42640
10095349	28696
10102148	14576
10105721	21138
10107639	31968
10109006	17563
10121248	240109
10124139	351152
10129512	27549
10140246	48493
10166255	14216
10176279	10554
10176583	12299
10185503	14173
10194054	64157
10199327	34848
10207672	11057
10212928	10017
10217349	19917
10220708	32065
10221882	15687
10231967	12017
10232867	12012
10233928	14867
10237757	13259
10241105	27772
10243968	26713
10263447	16482
10272109	13398
10278344	14349
10281348	18613
10292416	10814
10295210	12014
10304740	11747
10308066	290217
10315394	28745
10320941	20062
10325148	26957
10329967	47029
10331503	17091
10336357	32429
10336609	19148
10366483	61911
10383998	11279
10393202	10775
10394903	26937
10395409	210170
10395670	64033
10396318	107988
10412732	30830
10430626	53442
10463072	14494
10464173	482264
10488913	11493
10503880	12060
10503892	20128
10504756	27230
10505017	11439
10516345	555110
10517764	23367
10518352	16044
10519822	30467
10522168	17841
10522343	176654
10522498	13003
10538903	23515
10541156	51158
10573600	12739
10582496	16476
10588190	16168
10593720	79564
10601315	275368
10607856	13693
10612796	20316
10616080	56430
10634756	56832
10638571	24475
10640391	12799
10654473	18006
10654896	11109
10656958	16311
10666957	10739
10681273	614909
10690338	17616
10692080	11075
10717605	18408
10745671	10900
10755534	22712
10761135	12002
10762470	14479
10765414	53158
10770670	78482
10777880	11408
10778047	19123
10778337	81421
10802041	12124
10823050	18411
10827942	1038038
10831210	14877
10831788	14825
10834867	42637
10838450	21126
10839297	11078
10850136	12689
10851447	11808
10853229	35302
10853621	11023
10861096	13210
10861535	24190
10874183	94603
10891099	11705
10893694	98874
10899303	11351
10913074	18208
10913653	13219
10916368	16044
10940968	16571
10941389	11280
10958159	13140
10960452	15268
10974905	12711
10982670	46199
10988534	20109
10988742	10297
11021418	11493
11024235	14732
11041776	434761
11046335	61104
11058526	15424
11059908	16879
11066436	17240
11093698	24897
11096716	11758
11097143	30149
11098838	15603
11125250	12271
11130108	17398
11135919	47428
11137317	12978
11141924	10797
11145990	10173
11155763	19306
11170830	50068
11182492	13528
11186263	49678
11192505	15665
11215913	24619
11217610	38147
11226273	10951
11232986	12793
11242960	537966
11244603	11068
11253447	10824
11257296	14374
11268942	55610
11272930	13702
11279065	26022
11287302	11408
11292676	44542
11296861	10658
11302194	25754
11324909	27596
11329559	13939
11336182	57101
11354192	16766
11357966	15145
11365592	28943
11370226	12376
11378580	20253
11380799	19670
11384934	10693
11388282	12473
11394267	12096
11400521	51899
11401908	14284
11413013	10212
11458732	14479
11471159	112058
11496603	12537
11499523	39184
11518417	10347
11526877	33105
11528996	55646
11542166	12119
11564212	10507
11571015	14101
11574795	27270
11577838	65538
11601268	11326
11624586	35164
11624691	37736
11633473	32118
11649409	35017
11652282	18854
11656509	30190
11659683	25556
11663019	10363
11663838	13730
11681823	14970
11690865	21701
11698586	328736
11717652	55019
11742109	30643
11742867	13327
11744038	21347
11744723	19915
11748618	58312
11751797	14695
11758245	45547
11765129	14302
11779516	11108
11780649	13142
11793734	12264
11819337	10524
11820434	10139
11820810	17807
11829337	11240
11834960	15835
11846927	19081
11861130	22146
11891857	27029
11894167	26797
11938083	34958
11940984	27608
11943342	23242
11945896	17809
11955144	20041
11957874	10021
11963957	10396
11967151	148512
11975767	11073
11977553	32057
11978076	18835
11981706	19266
11983101	12964
11989876	10128
12006123	64842
12021652	12881
12025412	22068
12042645	18476
12047517	14595
12047912	12844
12048386	10333
12050708	10351
12059249	22538
12072398	12721
12096531	10810
12097928	11677
12099624	19609
12106054	64429
12106676	23975
12116283	85747
12122564	11550
12126632	11407
12138958	409414
12140860	38183
12141262	14176
12146765	21415
12147534	25507
12158499	25715
12192842	13352
12198579	14047
12198766	14449
12206639	13477
12207289	138606
12220549	12154
12249944	11502
12280370	14303
12284543	17556
12298034	10209
12307952	10913
12309192	48291
12316656	11528
12321000	12177
12324573	17212
12329798	10053
12334682	25643
12336072	126312
12340546	80540
12346783	15057
12352156	13565
12355781	10655
12358359	11227
12374558	16419
12375234	49135
12390877	16431
12391469	13338
12392386	10776
12396367	31275
12397652	21746
12402009	38155
12415206	20812
12420341	408027
12440070	17733
12442514	11789
12463853	15452
12465000	11718
12467660	35646
12491908	27263
12492049	12864
12494106	103366
12494173	23312
12494331	31664
12502100	14219
12512046	10553
12512215	15622
12522271	27834
12537105	14186
12555491	25329
12564971	20264
12568077	47946
12572304	15864
12574367	10217
12574458	26948
12583735	23324
12585185	11583
12588402	10762
12593560	10898
12604111	49669
12610082	18784
12622020	29842
12626412	10150
12629508	106551
12640984	54481
12642046	65304
12642713	30020
12649326	12227
12667249	10089
12674063	10033
12681375	10233
12692655	168816
12695950	15198
12742244	48193
12750859	19379
12763649	22413
12766778	16395
12772649	10789
12785517	205369
12790454	25175
12793170	10047
12817757	48774
12827803	78172
12828490	11257
12833959	60255
12839849	10940
12846620	401147
12847175	14155
12857256	79047
12860479	22140
12863132	15800
12866099	53577
12867616	50409
12873463	23455
12880007	103099
12884898	52243
12886633	22787
12887271	36948
12900215	21046
12923324	12460
12928742	11673
12949073	10354
12976121	12583
12977958	19539
12978742	102345
12980647	12769
12998216	14723
13006970	23436
13013212	151335
13022969	12367
13035464	26598
13039519	15267
13045583	52261
13048112	11075
13048118	11073
13053680	63269
13056692	13605
13069094	45222
13072215	10796
13084349	16899
13086705	62193
13099826	58456
13101730	14693
13107763	114137
13140431	17749
13147327	152348
13156286	12277
13160052	17331
13168214	86730
13174147	12045
13179942	14795
13184780	11767
13185597	60581
13186863	34329
13189768	11104
13195420	11160
13196479	11512
13200247	20105
13209618	142290
13242696	14021
13246738	28093
13258553	17955
13267306	14210
13271962	57893
13293386	48810
13305117	47377
13305473	141748
13309959	10042
13313439	13020
13313717	13881
13317955	272451
13327380	16298
13328005	48115
13342801	42841
13352535	18430
13353526	10328
13354084	10761
13357476	16841
13359093	20771
13370355	181441
13379324	19775
13381844	44115
13399377	43365
13420351	11061
13437635	11628
13437751	23000
13444673	16282
13450175	42973
13455630	11571
13459411	19199
13468243	16553
13477208	12262
13499612	11470
13502030	18423
13504670	21325
13506766	14710
13511461	15792
13519067	11211
13526773	14178
13542892	49931
13548302	56161
13552576	35068
13555882	54902
13557204	82908
13573886	15678
13581564	12429
13599292	10901
13601891	20069
13603865	26418
13624673	12523
13634591	23808
13635659	40847
13639348	10509
13648217	10613
13655334	20030
13658252	12317
13671728	11127
13683894	14482
13692206	11631
13707676	30643
13711398	16852
13713881	10800
13724387	10133
13745167	13210
13758719	10583
13784949	12865
13788410	18240
13797451	27146
13806606	10511
13811547	16801
13815643	55323
13825654	31801
13826888	13090
13839034	135386
13844109	10925
13850033	15249
13850937	19003
13885888	22583
13918844	15891
13931981	56174
13932293	12905
13935033	20356
13941178	50431
13954875	16854
13982057	10403
13983075	41666
13985444	10583
13994388	105229
13997553	11241
14000505	16720
14002429	11006
14006948	19115
14007243	13805
14040842	77538
14045901	13465
14049508	18593
14061714	91937
14072579	12501
14083938	27783
14091107	70545
14094243	11808
14103562	15338
14106620	39879
14114355	17776
14115300	40930
14133780	13606
14144612	21400
14145308	10152
14154083	70200
14154793	24364
14161622	18066
14164441	28796
14174444	10368
14184057	10426
14188098	83767
14197345	24916
14199082	37222
14216985	15136
14218296	27728
14218649	10315
14219663	11706
14220158	30404
14223479	13027
14224334	54183
14235728	12459
14239972	51144
14241685	24593
14253844	12829
14259889	46262
14267135	14510
14278839	17704
14283670	315634
14290002	10627
14293944	17853
14304901	18953
14306469	49923
14310133	12077
14311508	61865
14325628	45612
14357568	17824
14358094	28116
14365181	11293
14372741	17392
14373092	10642
14379984	32726
14384347	15331
14387399	11883
14395360	10400
14398725	43756
14402333	45150
14403738	33022
14421931	30130
14432945	50197
14435707	79610
14436628	10364
14437532	44753
14444007	11614
14446016	15703
14464865	12005
14464961	100143
14466206	20676
14501830	13602
14502131	11050
14517495	36364
14519719	24317
14537390	27692
14545122	11941
14560806	20575
14572248	16130
14591360	77207
14594246	239789
14610098	30331
14610206	11596
14611598	300273
14623238	187122
14658998	22471
14659503	1039728
14660425	11506
14671762	32920
14689310	11870
14693793	622987
14709662	14341
14712104	14986
14718992	10473
14719611	17183
14722281	34537
14728429	13414
14728791	203860
14735053	10677
14755954	18776
14759102	55471
14766740	16394
14779892	19034
14787409	15293
14788887	20294
14790983	15748
14802065	97854
14802821	19257
14802992	21137
14814630	14828
14829575	11779
14846460	24579
14859551	55971
14872472	15393
14873734	14972
14888229	15000
14908733	21310
14909596	10090
14925456	20497
14934906	51832
14937144	19269
14946925	13993
14949600	95750
14963397	12324
14963853	10483
14964858	15386
14966395	16164
14982233	12672
14983693	17222
15002315	18159
15002924	26769
15007191	14174
15010523	79803
15016778	37032
15027841	13223
15028417	10291
15028653	14708
15034052	15439
15081764	10991
15085402	362186
15088359	22460
15089294	66067
15099859	16698
15106805	57166
15112038	82007
15123298	12677
15128435	17663
15132421	20700
15137944	16948
15141991	18015
15168855	465809
15175399	14915
15189929	30284
15194144	12809
15194357	14263
15203103	11435
15203870	10575
15232072	19808
15235916	143031
15251232	20306
15254532	10303
15255441	41835
15263527	21519
15279404	95431
15284575	10214
15286145	11652
15294623	21656
15296680	60992
15301797	21486
15303905	13783
15321956	11624
15328166	45225
15338141	25227
15339936	10223
15347166	36012
15349452	50060
15369658	26493
15379779	47161
15409044	18244
15410584	12514
15410621	80553
15410815	24704
15414874	49710
15420646	12164
15434850	13761
15445270	12648
15454780	10009
15460095	11836
15466424	12607
15471936	10351
15472543	13928
15479938	46551
15547887	26336
15550188	18553
15555679	47732
15581276	12944
15584312	80797
15591758	20137
15591917	11540
15594063	201742
15601494	13334
15604322	10288
15609799	11544
15611972	37021
15612121	15085
15621086	15881
15626330	129151
15637674	49625
15648925	22061
15668422	12594
15679542	19723
15683067	12355
15685123	33325
15693337	10476
15695403	19689
15701844	23914
15712410	16216
15724340	16594
15727077	47817
15747139	16227
15747902	15104
15749487	2302795
15749877	28602
15753959	12147
15764410	80864
15769401	12373
15777769	12452
15786967	16719
15792546	49787
15806085	36112
15818021	18201
15821955	100724
15836504	69903
15844577	26552
15845685	76868
15861549	51535
15871876	15598
15880609	18132
15889131	75503
15905434	14452
15909799	64719
15912403	11677
15914234	10148
15914494	10960
15918300	15616
15924369	23708
15926900	27706
15932345	60176
15945706	61664
15952520	19255
15959691	18815
15973758	19351
15974289	12060
15975823	13855
15976257	13542
15981658	12136
15988459	11095
15997840	15420
16006968	14383
16011112	11449
16013890	13853
16037728	56937
16041689	61425
16057262	10694
16069828	10004
16083115	11065
16083712	12736
16089440	13460
16108045	12619
16113304	13574
16157437	13236
16179997	12222
16192753	10143
16201039	31788
16202123	13495
16207419	29873
16229717	28686
16239974	22698
16264576	10717
16287823	36953
16301977	12146
16305368	13984
16336228	15930
16341200	12154
16342052	14810
16349934	18496
16377185	12519
16378650	19383
16381940	11004
16384658	23727
16397670	343145
16431006	11812
16445472	62361
16503751	11480
16516607	23519
16521455	79669
16525922	16358
16542002	23351
16578974	12513
16580522	12501
16585290	16164
16628674	13535
16635258	46729
16638689	28737
16675608	12201
16688059	50007
16700865	12896
16711744	19245
16737413	14223
16744759	19318
16752680	17175
16788962	22632
16794331	305994
16806362	21852
16833331	34844
16857896	19834
16859750	17168
16859875	27196
16870613	81815
16873472	12938
16892743	12668
16894735	40673
16903756	10062
16907025	18302
16946446	24439
16968158	14164
16976958	21137
16980518	14154
16983860	337022
16998888	18984
17018997	15135
17024565	151355
17034097	16125
17055141	13751
17066278	16286
17124828	46418
17127767	48927
17141613	17066
17185868	19628
17240170	18805
17251274	12733
17251808	12506
17266033	70661
17286649	11855
17307127	47284
17307306	13372
17328322	11322
17340399	12167
17352492	295924
17361864	13278
17365735	11960
17388713	42375
17394047	15746
17413623	40735
17417961	52099
17429373	15310
17448845	23984
17467074	21247
17474878	10305
17520115	16181
17520224	11712
17537618	13473
17550453	149680
17550845	56578
17580503	27095
17581615	13300
17589277	12260
17595242	10377
17601324	11480
17605402	13975
17607387	11465
17613293	10605
17639953	14277
17655787	19677
17661119	22836
17668408	14554
17671103	74670
17673167	10320
17680815	30258
17693582	66346
17698070	25304
17756416	13414
17763369	12145
17780959	35834
17819389	17922
17820128	52046
17821020	39721
17822385	160091
17824659	21868
17835087	10500
17877927	53789
17886598	14000
17908531	10839
17924545	42713
17952693	12784
17964483	11407
17976358	46695
17985320	73516
17991401	14080
18043829	62260
18055359	425267
18064502	15899
18078692	25600
18079087	10924
18083961	32001
18116241	18400
18138672	12126
18140930	26175
18156683	60818
18173394	10226
18190726	33164
18196853	22811
18212256	13425
18219524	10286
18225927	72525
18229784	10615
18240602	22113
18245941	11947
18247815	29082
18265073	23392
18276891	18014
18277830	11277
18320194	13971
18350893	421964
18351763	11017
18409120	10133
18410163	27388
18410822	29280
18452643	53526
18454477	237886
18469344	50368
18488137	21034
18495474	12502
18498285	18635
18503479	168293
18511586	48602
18524926	16931
18532340	20796
18542865	22911
18549137	19350
18560341	11477
18572866	55475
18575317	13166
18591039	10391
18626911	30618
18629871	37809
18645627	11063
18654026	69927
18662421	73389
18668446	12500
18681679	15355
18697914	14639
18722145	30060
18739389	43079
18740967	11825
18743456	12734
18757479	18537
18799989	10517
18802324	53919
18810500	12479
18823406	11277
18831232	11085
18836003	70445
18847192	10783
18859460	17792
18865020	53150
18879036	11353
18881083	13285
18884045	124981
18887729	10507
18890173	10217
18892835	15156
18907423	12339
18912328	11230
18913016	64511
18917536	12884
18929266	14708
18929615	10902
18941000	56469
18954510	14839
18971427	13768
18984719	53064
19040169	12143
19046573	35099
19053412	12981
19054766	20141
19062318	27121
19063224	13966
19136809	11219
19138734	11231
19149186	18472
19160922	30898
19167996	11327
19202606	133178
19224990	48282
19238407	52966
19251383	12843
19282181	17971
19283070	18806
19289739	53357
19293381	19629
19307262	27972
19320885	16509
19325850	12232
19335302	10347
19344194	12184
19344278	12717
19352266	10840
19362772	12755
19382608	23467
19384263	14891
19403084	14331
19434975	23934
19441694	43958
19444719	14636
19449196	13483
19450630	11819
19458942	248262
19464722	10252
19472302	18412
19474256	73368
19537009	56688
19544320	13463
19556160	12215
19569910	44542
19573015	68164
19575931	17488
19579372	14050
19588995	11536
19637455	17127
19643859	37132
19738679	13772
19754381	57335
19774126	10070
19785539	43548
19830755	17205
19833914	51202
19834938	12049
19861007	60964
19868965	23519
19871593	10353
19874674	12707
19877369	12773
19879333	12069
19887173	17084
19911342	99015
19914278	24345
19923382	381780
19960683	276428
19960993	26695
19982823	10361
20019581	15313
20019870	13472
20030059	11075
20033761	63933
20035260	34066
20042365	11889
20043979	118866
20045228	10791
20065342	11585
20068448	20141
20071122	17641
20081184	15437
20081671	15459
20085451	31909
20091611	10888
20091857	10180
20108975	11388
20122213	10180
20122414	15497
20159620	26148
20166260	18475
20166297	12109
20168888	10468
20183670	12429
20208434	12699
20227123	22840
20236708	13497
20261639	10762
20271700	12503
20283622	10706
20367618	17295
20369517	11093
20379995	38482
20383969	22576
20384985	11779
20396565	46999
20403986	14588
20416383	11221
20416715	160231
20418607	11516
20420023	10480
20424739	23043
20440757	18624
20441532	28128
20442859	24964
20491795	52156
20493190	12565
20504294	39457
20518557	12103
20520453	18099
20547827	19705
20561877	13083
20565254	53258
20586694	34264
20598395	50795
20599724	39303
20608298	47024
20623372	13262
20625307	28891
20626045	14166
20706257	10794
20719062	22134
20731994	28184
20736622	18805
20737716	65709
20749646	66109
20759819	18294
20769413	12287
20783244	12503
20795982	56472
20843944	11513
20863511	14519
20873292	30279
20877323	10809
20891342	51099
20959249	36085
20959724	13563
20962124	55707
20963022	15583
20965022	111828
20969986	11230
20990486	10571
21001700	18229
21035362	43086
21041326	22043
21064452	50279
21086874	24138
21139719	483188
21152269	10059
21169653	51308
21169867	14721
21170914	14395
21173760	28625
21216684	27224
21244665	21367
21246611	18084
21248922	47286
21255122	11269
21257679	45075
21269974	10418
21270314	12755
21284428	31464
21301678	53549
21321500	10602
21322813	18555
21329461	24913
21347644	41918
21349805	22617
21352799	19784
21374869	14630
21384687	22935
21398467	66460
21424139	26286
21463301	43686
21464149	20478
21464303	10982
21479697	18029
21488242	35363
21505329	10957
21512424	22211
21525417	21454
21526087	14483
21537351	18328
21543923	38899
21550315	11358
21566725	12280
21569862	16501
21612711	14464
21618791	37620
21628209	655167
21641617	18846
21677688	10940
21681370	240478
21684779	24787
21727662	10194
21764002	42420
21789891	12801
21800117	27313
21806898	11972
21809046	11468
21825667	10164
21851874	25705
21881236	18897
21884451	11597
21900505	12970
21907618	10347
21920567	16574
21929000	57083
21933055	16793
21971407	10197
21981463	12301
21984966	12211
22000611	12815
22001520	16721
22011129	29638
22022670	11483
22025890	51142
22032400	10400
22058395	12802
22067439	28813
22077652	10417
22089907	333594
22114998	16953
22115098	14255
22120108	95619
22171098	23297
22200513	21884
22204891	10744
22219491	24777
22238387	28610
22241270	29524
22248269	15616
22273374	20493
22274497	19059
22274944	18981
22277311	13891
22306842	15321
22308305	66073
22364404	13329
22368381	45460
22407287	25541
22410823	17076
22422097	19693
22422329	53774
22423285	25030
22442795	12881
22446345	15717
22466351	24592
22479046	53284
22501530	31661
22510131	11032
22515524	18447
22525429	78659
22527129	17027
22540632	13280
22587906	11443
22604354	10442
22637885	16539
22644711	12906
22646105	10958
22647023	24256
22669491	10755
22675761	10357
22681049	134435
22716324	12347
22718011	24226
22727248	11212
22730533	13113
22741235	12768
22762365	70847
22800842	10033
22811756	11409
22813116	20401
22815511	117393
22817478	25010
22845943	10578
22855774	10800
22862339	21713
22862730	10242
22863760	13561
22880145	13169
22896785	10414
22913164	23250
22920708	44278
22927162	10210
22943140	86945
22944794	14644
22952104	12329
22953444	11517
22992456	10550
23005468	38494
23040466	17571
23056475	323077
23096057	46370
23098176	12663
23108767	14755
23125236	56395
23129378	17734
23141075	47515
23144528	13929
23160340	112375
23168994	26233
23179879	18611
23191157	12137
23204581	20206
23223490	10833
23225235	42935
23232040	17145
23232132	49938
23244556	514879
23259560	18202
23272883	11377
23285378	10222
23289411	15289
23316496	15716
23325497	18181
23336998	1461727
23347457	29282
23350760	20578
23395140	173759
23416933	20350
23437981	12568
23454326	34553
23474127	22086
23477668	72410
23484774	10393
23485083	16602
23514011	13971
23526523	13332
23543629	14542
23563090	10852
23564381	14244
23573184	40316
23620224	23871
23627836	16562
23636901	18411
23642101	139223
23697207	177615
23716613	30826
23718911	11243
23718991	10167
23720391	12410
23727229	26560
23734601	45926
23747391	72880
23749280	11102
23749846	13603
23761281	25892
23770531	34612
23783124	31560
23784147	52640
23787031	13876
23807418	18908
23814777	19141
23817413	26565
23820717	10397
23833634	14258
23840292	11362
23880380	12243
23882426	23490
23883127	137900
23890851	15701
23969520	14049
23972377	23424
23977331	32672
23987189	15934
23988277	18180
23992833	20322
24017476	45202
24022721	27793
24033462	18747
24055863	53734
24071994	43883
24099129	14228
24105651	14026
24120581	210367
24122036	68758
24137743	24443
24156311	23824
24179005	20144
24212596	165031
24244976	36997
24256329	46429
24256769	46772
24257995	14104
24262810	17883
24295119	10975
24320814	13949
24323626	13714
24324633	14313
24324953	38375
24328012	252415
24344583	14290
24347649	16619
24364919	18261
24383354	10112
24391418	58888
24412088	31462
24427726	38164
24433487	13417
24439787	34118
24440781	11897
24444404	19334
24450613	17411
24465471	23748
24465825	16395
24477005	11088
24481248	38402
24490239	87153
24498480	11875
24502920	57841
24519610	14965
24524650	10955
24528140	33653
24536605	12007
24537042	17689
24539170	11624
24547538	18607
24584187	11985
24598126	48803
24609211	13260
24610783	12074
24650321	17742
24662577	11140
24667411	16465
24680902	668242
24682244	15920
24718419	17150
24726797	18567
24744817	12365
24751662	23946
24755250	115977
24762251	10347
24763709	36053
24814740	11416
24826055	17131
24832752	18665
24840311	28051
24842489	48664
24869495	15323
24878057	14958
24884478	10670
24886914	140381
24897050	14442
24929239	43592
24930042	10696
24931704	15514
24983138	17969
24998840	31821
25000992	11071
25015785	10280
25021479	11714
25030879	19416
25060437	10730
25063038	10283
25067670	10786
25074286	16228
25079568	14311
25083628	111453
25086930	13821
25099068	55909
25099429	14459
25118938	26312
25148128	16038
25151784	21778
25158602	16953
25169147	552999
25179420	27068
25183212	224022
25198867	14226
25202447	17965
25203318	20450
25206170	33319
25213648	33734
25216551	27994
25221675	114541
25240603	18238
25253139	95080
25259189	15628
25266363	16246
25287262	14089
25287818	18110
25339208	10209
25354122	19698
25376529	24366
25382456	23719
25397754	1408330
25403764	31264
25421839	10489
25427543	23126
25446367	56615
25455376	13152
25498054	32869
25501015	50245
25501496	133924
25523315	15864
25531273	23334
25569499	10683
25582134	10680
25602338	10111
25627393	28130
25628293	11543
25628498	10914
25640483	10467
25660186	15225
25672532	11063
25678782	19372
25687681	44385
25703786	16613
25708391	21346
25716450	17256
25717032	35064
25717268	11543
25737046	10351
25745938	21187
25751849	14541
25753547	18371
25800073	38656
25824462	15114
25846082	50038
25847463	23241
25851004	10745
25852074	40529
25853878	24831
25876556	19723
25877330	11065
25881463	10161
25944899	120715
25947565	14285
25952096	10646
25953198	20092
25983688	59088
25985745	19244
26002186	10348
26014451	13620
26048321	13344
26082517	15392
26082858	13300
26088886	11890
26092949	44703
26096465	66105
26099406	11280
26101702	15724
26111636	21290
26137763	13149
26151529	13933
26159076	63000
26163660	11132
26166431	10548
26179061	965232
26187249	43537
26203463	11569
26210314	20044
26215839	10150
26216406	10058
26218020	11424
26229005	13549
26247479	17502
26257795	21971
26277457	15274
26298031	44858
26301101	12027
26324976	10695
26338285	98018
26347454	10814
26352013	12890
26363554	569736
26368526	61295
26399415	14534
26411302	11938
26411657	10720
26437046	12424
26440986	23133
26447170	12645
26459774	13143
26461678	10317
26462817	39532
26470585	19242
26490921	103932
26495203	24196
26516684	10432
26533050	18515
26539990	15259
26561196	250902
26583605	21596
26601873	15431
26609870	10700
26614941	10464
26619986	24752
26631386	13937
26640806	38043
26673675	22797
26682226	14289
26726497	32231
26743005	12530
26750474	24241
26757080	11122
26758361	11481
26803573	21573
26804708	236822
26810926	14702
26842469	11426
26859386	19792
26870336	32873
26919056	34612
26924806	10322
26931703	11363
26933433	50415
26944535	28088
26964834	16158
26967127	10225
26967713	47016
26977781	12485
27016208	14227
27035905	17407
27054224	15640
27078729	16551
27094055	60161
27114398	14203
27150782	49238
27152992	12944
27153903	22729
27162984	15053
27165392	12537
27196772	10407
27197236	11107
27233027	14074
27236026	11015
27240529	50400
27256042	11211
27260097	12559
27260735	16958
27271520	2034839
27287503	14322
27298856	10056
27298873	18546
27312584	21257
27317712	10168
27328795	12541
27343929	110278
27357860	12242
27376553	10297
27412456	19032
27427575	11761
27433188	31622
27442444	30075
27462223	142860
27464382	29911
27469110	27833
27483146	11018
27493274	21236
27532285	162924
27544875	12460
27624305	10888
27647135	11109
27649653	10621
27685358	70646
27693143	17026
27695490	26554
27709764	39213
27717733	14730
27727810	10175
27731705	16152
27743454	15387
27749534	31791
27756718	10032
27757558	12828
27758199	197269
27773640	11667
27774113	10469
27798720	22086
27808441	28772
27826356	10798
27827287	19902
27827348	32395
27835933	24808
27872064	254833
27915388	12208
27917334	36097
27918795	11431
27992851	12784
28006558	11260
28009765	11479
28023567	40293
28032665	12435
28042600	12009
28049158	96728
28076260	24338
28079820	10570
28089357	304711
28102623	13954
28120001	86911
28130762	14692
28141243	11036
28157550	91946
28162066	17200
28169166	12133
28211983	16182
28227675	16600
28245278	32462
28250321	13329
28250843	51744
28256059	11901
28258856	72469
28321906	14295
28324346	45549
28324790	18105
28326354	10296
28329816	34110
28339377	22406
28356338	27430
28360428	15512
28368760	18810
28396533	17643
28403531	66064
28420847	25820
28438338	13413
28484780	30410
28498957	162843
28502297	19359
28513167	24949
28539421	15933
28544954	23129
28550183	49464
28554455	151432
28596839	11887
28608542	15380
28649383	15147
28659428	11675
28673880	28046
28698117	12122
28705767	16296
28708761	10362
28716459	24872
28718417	11006
28720166	19814
28738876	15149
28752940	32442
28773456	15311
28780797	37266
28780995	38628
28875325	14876
28878643	107299
28880614	20163
28898512	14800
28934640	27155
28964218	11711
29000983	26131
29001335	14139
29010466	87673
29023095	23798
29050565	11005
29052219	15861
29054107	15024
29060684	41262
29069615	11893
29072981	15733
29076234	12913
29083885	10346
29102825	35639
29113704	19804
29149378	11166
29160189	18366
29190475	11209
29241294	27032
29314620	10262
29320286	105268
29320674	27432
29330052	11479
29338388	36182
29378793	10036
29385602	13756
29387134	10641
29398247	12095
29401642	19475
29420124	26289
29420306	12909
29474852	11079
29506116	11814
29525013	10444
29526731	10947
29541591	12451
29553261	12767
29560008	10201
29561892	31300
29563391	12074
29581383	29063
29600033	10609
29604096	12102
29629004	11760
29642888	42796
29648044	60803
29657325	17646
29668264	11778
29669664	100441
29669692	24339
29681227	120084
29684709	12776
29763169	19483
29847972	10261
29848092	10081
29852108	16943
29862984	11380
29877369	11527
29955066	10584
30017661	24037
30018508	47129
30034611	21337
30056703	14618
30058675	23807
30059310	12129
30074188	11722
30079306	16090
30080969	14298
30085404	66972
30086322	11695
30090309	16360
30109921	111616
30110786	12394
30110913	22384
30134687	31509
30144176	27009
30147575	11504
30215118	28767
30216768	20028
30229762	41019
30271465	10936
30285075	16377
30324943	21554
30340931	29151
30345866	11618
30347338	29949
30354442	14988
30368101	60998
30380437	126578
30389313	114686
30414593	13648
30433531	12901
30438820	354464
30449369	18861
30477442	89195
30514339	12221
30519274	21088
30530399	80183
30536052	12160
30563656	16265
30564688	11284
30586980	23467
30597848	37897
30604754	53014
30628637	41108
30648942	113126
30671807	11644
30673043	12237
30737219	166425
30741039	10067
30748173	10703
30761220	27102
30768966	138030
30777299	15217
30795971	10324
30799148	13153
30828433	11290
30848401	112525
30872640	25688
30876388	11562
30888932	41689
30921916	31597
30937541	98809
30956643	11226
30961495	22677
31006207	11342
31009247	23472
31020077	27517
31062564	11395
31064846	10293
31129489	13024
31130193	23916
31136134	17886
31138486	121813
31144368	17440
31147784	20261
31158578	22688
31158971	16812
31187916	22813
31193794	15031
31196785	14104
31230424	40379
31232371	95776
31234218	26376
31296851	16182
31314401	20366
31335632	35367
31344258	59450
31349803	10438
31358035	11731
31397591	15644
31406649	26020
31439694	10058
31454447	10563
31457931	48751
31458594	13964
31480287	10628
31480309	10064
31484412	14447
31498626	15238
31503843	52429
31527968	22840
31535293	12245
31558232	18054
31578553	14274
31580621	29926
31581473	12674
31588265	13602
31592935	11472
31607550	10280
31608508	11603
31610143	60162
31621487	10911
31669980	10278
31674278	52079
31743298	34322
31772075	31546
31782763	32137
31786381	15224
31787986	82188
31865816	11366
31865979	20940
31880903	33017
31885844	101442
31890831	15158
31910899	22563
31914771	17463
31922260	26439
31947249	69579
31976109	72301
31978968	23984
31980013	10995
31981903	34160
32024455	16481
32026438	845596
32042035	10130
32051844	10307
32059642	69618
32087481	32538
32110314	13560
32117986	23900
32118739	503900
32120803	12699
32125794	10504
32128324	16281
32129144	10747
32151212	14431
32167863	10619
32180323	10646
32181456	18948
32182320	13901
32183517	15089
32186516	22701
32213243	22464
32244258	28621
32303966	13185
32365162	12027
32374603	22411
32407774	16940
32419834	17359
32429359	13934
32431437	34357
32448121	11900
32452562	32597
32452570	15102
32459044	13619
32468852	43400
32537359	11109
32540762	34410
32551020	31083
32563684	96426
32563814	10760
32587745	11557
32636325	20187
32671825	36189
32674854	45018
32686800	26065
32694562	10078
32712074	66490
32719333	10323
32733370	10261
32787580	35323
32807160	10201
32828659	20952
32883662	14846
32916643	36774
32918734	15343
32945530	49933
32962461	67390
32968009	13893
32978999	24783
32984512	33631
32985784	10232
33003260	13985
33024000	134605
33051123	10382
33063470	12948
33086912	10162
33102811	12196
33112357	10990
33150642	14753
33162175	11440
33174339	27089
33176605	14339
33181681	32121
33194246	18960
33203776	138215
33209357	16222
33264219	10679
33307712	19841
33321479	10766
33328221	23958
33331147	10901
33344517	10219
33361735	18319
33381238	10554
33392694	11633
33418558	31212
33423391	11104
33432605	10306
33437170	94648
33460738	10405
33494946	10395
33513766	426874
33520991	49276
33535465	20611
33573743	12457
33584686	11033
33594026	28192
33594082	11553
33602214	17978
33608721	10457
33612187	13405
33625385	13543
33636550	11033
33648054	20100
33667179	20571
33703471	19326
33723888	22809
33724015	10757
33724585	11799
33724737	282877
33724953	10368
33725416	14189
33758505	10676
33795225	10158
33826760	115209
33834847	31771
33860826	20023
33885588	47823
33899876	17619
33900080	29425
33906795	57339
33935341	12464
33977774	31489
33998416	10113
34007033	10745
34076221	13935
34087025	21865
34089483	22611
34103462	17461
34123852	11466
34147037	11931
34151288	21026
34172906	13840
34183030	131696
34189861	14380
34206583	36997
34221723	16046
34280421	12052
34282924	19706
34322953	155008
34350418	11581
34365662	60370
34380159	15097
34414007	29555
34423313	33339
34433931	10852
34444145	18956
34451260	10051
34493830	11512
34550369	33930
34559393	14026
34562225	59997
34596438	13466
34668849	101522
34674803	10379
34764950	21575
34765719	53448
34782044	60476
34783238	15607
34794359	38516
34799829	24152
34872423	17828
34903591	12432
34908707	15043
34936190	10858
34941816	15146
34959537	14722
34979324	12811
34985141	17127
35027673	13087
35058093	10402
35058161	37176
35068011	14330
35107173	11793
35109006	16898
35109302	10783
35110286	20676
35138807	38202
35149074	18027
35283384	10037
35293806	77854
35296235	34735
35317405	20468
35318985	13460
35402441	14137
35405351	47357
35406463	10897
35420369	58519
35438051	14225
35443968	15027
35455458	17323
35456682	13396
35461805	11225
35466978	53510
35472539	108650
35483551	15222
35484802	10403
35554957	60488
35565430	12894
35568476	49538
35586032	48025
35602689	10028
35622562	21045
35739442	37402
35751517	21382
35763586	13830
35767056	14989
35772513	10472
35778144	55734
35781916	11797
35815459	12602
35875809	15714
35887013	24086
35902750	10728
35907893	17723
35923913	10366
35926433	14145
35935442	10282
35965167	17784
36001746	49338
36038260	22606
36039373	13961
36072029	26822
36078125	16029
36096795	11119
36137468	34192
36151363	12845
36167636	14453
36168024	10966
36168133	33502
36251645	16048
36258645	18448
36289814	12023
36305515	12892
36323107	12216
36335122	10581
36347127	10994
36355371	23713
36379605	12583
36393110	21847
36449484	24888
36487649	12699
36502114	23087
36529631	11761
36546736	38430
36547004	21258
36589487	118229
36603681	17359
36627244	11559
36674089	45361
36688121	22159
36695397	16136
36715231	10238
36723626	33379
36745510	17837
36757556	48123
36796920	17703
36803017	48001
36806880	22654
36809252	20520
36814944	12521
36830433	64962
36840295	25412
36850751	26707
36858964	17745
36861404	16045
36890214	221813
36900363	19881
36956069	11534
36981242	246735
36990343	33467
37013236	56573
37039124	17846
37045043	29936
37080628	11693
37081767	11076
37082425	11454
37120113	18702
37127100	62372
37139502	87755
37149839	49824
37187651	11122
37192253	34604
37201943	13985
37210476	13420
37228707	10022
37238442	24473
37250728	14383
37261546	10302
37274954	17753
37311008	17154
37320301	10479
37347683	73476
37374227	11679
37396565	11828
37402908	311077
37409974	10317
37410247	17161
37410549	20846
37442555	96554
37457835	71954
37459553	20165
37465864	15484
37489485	11590
37501818	27015
37512750	12259
37518673	10554
37533515	11484
37551653	112296
37552009	44456
37552368	25752
37554062	97089
37559371	16717
37582260	11516
37591676	41374
37609744	24767
37612039	17282
37613811	12519
37616065	24363
37645616	39320
37659998	11147
37662064	23242
37662291	103621
37669703	11249
37695763	134835
37713451	21377
37731448	32117
37761470	107728
37761750	17403
37778478	20687
37803481	10540
37834716	39634
37884015	19637
37937007	113502
37960480	17252
38033889	41037
38054553	14373
38061015	11751
38074963	15462
38102850	11760
38132678	10017
38142836	12724
38147503	12279
38172393	45079
38240764	10908
38241982	12758
38256714	11314
38277321	115102
38306334	17686
38313276	15731
38324460	14802
38349851	17585
38350470	41922
38365942	11021
38369871	19739
38411591	54175
38424538	65542
38431685	13594
38441298	23570
38460979	10943
38463221	11363
38498402	45181
38533970	26657
38575050	70174
38581727	10473
38584079	29604
38663695	11136
38675961	11608
38736755	50429
38746277	31194
38746764	11114
38759964	12889
38792257	10209
38837025	112128
38872717	11464
38880253	42332
38897661	10572
38903474	12907
38917023	11290
38929147	18775
38971924	10901
38994616	10590
39001733	12148
39055981	11056
39064371	28875
39075246	67104
39075538	20596
39118801	10397
39150016	42757
39170181	36983
39181496	10882
39205473	13948
39222024	12711
39246018	14001
39253178	12438
39267440	39858
39280222	11083
39286823	17267
39299266	14410
39323179	11004
39329830	20127
39383510	17533
39394962	11478
39396817	12455
39401433	17813
39402433	13979
39407189	19338
39408655	11657
39424481	10037
39451154	13497
39513824	16447
39537654	10874
39553524	60752
39588259	64343
39652483	10385
39691750	10542
39695133	10457
39742667	13366
39744116	10576
39751440	12243
39752205	68950
39776428	11467
39787785	74231
39791253	15569
39793486	12629
39806754	15513
39812533	61818
39812692	10891
39836233	26109
39867121	11115
39918891	235893
39932185	12393
39936128	18041
39968968	12495
39979466	12619
39980131	11912
39980775	11494
40010255	35722
40014825	16452
40051154	14102
40087077	13981
40091453	11962
40101339	13301
40110614	11596
40123728	14381
40126282	21008
40131369	17614
40131597	105297
40151691	13193
40157952	10910
40173283	195566
40196424	14071
40203166	43647
40224942	10831
40227586	13536
40332535	13729
40347283	10662
40348451	13532
40353001	60955
40354322	20360
40413077	16074
40415148	10114
40468929	17582
40474497	12167
40491352	11828
40502404	11401
40503174	12388
40532459	18418
40534070	12333
40566712	12709
40579943	120360
40651103	57351
40667895	69887
40671719	44190
40673809	14139
40685708	12007
40692151	15039
40696766	20850
40707729	10647
40745130	11350
40745247	10308
40755639	245465
40778816	10748
40778841	50683
40798733	14171
40800521	13061
40804128	26900
40804369	50457
40857985	473068
40889249	15969
40945573	16880
40960497	12349
40975712	13161
40983656	13760
41012256	21804
41026504	65473
41031374	12312
41034800	12618
41036134	12348
41038873	10966
41105923	11470
41111704	21180
41115319	10451
41117696	14632
41118694	23681
41123153	21435
41126310	37032
41178677	16733
41181773	18732
41189319	13331
41203431	11011
41227022	10434
41253385	32038
41256998	16371
41275471	55826
41276363	228400
41279383	11910
41279990	671795
41336751	27488
41340204	10913
41362865	19375
41363693	30752
41380323	10006
41399586	26704
41413960	11783
41428348	18608
41468389	11336
41474462	11127
41479945	35841
41480862	15823
41492035	12010
41497635	58916
41505695	12345
41532185	12774
41559235	14258
41567400	15154
41585187	32987
41593434	59943
41594492	12228
41615178	30540
41622633	13517
41629427	15005
41642671	12586
41645703	13316
41647631	16342
41648039	19038
41773069	55180
41804367	18035
41806245	22646
41812477	18073
41844805	12712
41867949	47980
41868312	10399
41880862	77590
41885348	11044
41892201	15245
41929513	89417
41967179	19430
41980011	11635
42009083	70830
42059442	24656
42079003	21393
42097066	10941
42102115	104560
42117284	38520
42131714	12462
42153234	36658
42181612	17724
42187240	14403
42187830	14301
42207068	14866
42336734	16295
42361423	16721
42394934	48970
42396775	57979
42426836	19703
42455909	29242
42507939	15722
42533453	12866
42549682	17494
42579315	11513
42661504	31894
42704536	26971
42710028	13441
42733548	12261
42737661	10549
42745448	24076
42856983	54091
42906533	11865
43007112	38696
43025305	39296
43029607	24487
43061822	17994
43088447	14203
43129223	15546
43164789	54948
43191872	18632
43210643	11660
43252103	11561
43279394	10766
43303404	46155
43306220	11909
43321732	11900
43356361	28110
43366822	109292
43385679	11386
43408535	20903
43408699	47088
43415084	32615
43418130	10481
43430790	20870
43436555	15458
43450173	31546
43474882	10941
43475495	11326
43500771	11472
43507907	12059
43528634	22091
43531172	11217
43553861	12251
43561772	36350
43587899	40676
43591190	20248
43596804	39029
43654879	10557
43666063	12841
43679156	150439
43708585	53408
43720065	49555
43721602	11427
43756881	13607
43791385	16071
43814972	27640
43839165	12486
43842044	15098
43894509	10566
43929176	20049
43974386	14937
44077890	20480
44088023	24273
44102248	14470
44104978	17471
44180381	10947
44202979	23246
44209540	14568
44249435	13987
44274905	21944
44275395	10538
44310107	16887
44325053	10179
44333619	11433
44379152	20878
44397919	29073
44417081	43841
44432298	26959
44440611	66139
44456539	14936
44543397	10338
44556156	22344
44561294	11923
44674014	10526
44682603	11265
44696285	10317
44731931	28201
44752759	61317
44831233	11736
44844293	15108
44877865	124205
44880126	49923
44908622	13404
45111844	12721
45125882	52411
45129003	12323
45131540	10278
45136264	50597
45149908	20616
45196262	15302
45207007	37336
45228121	16469
45229911	15106
45233652	37522
45275262	11028
45325898	18957
45364342	17821
45411626	10173
45430020	14944
45501463	19430
45541824	13962
45544820	11192
45547438	26934
45557859	12880
45572478	10263
45596626	46566
45607795	13632
45649827	39790
45717985	410052
45765264	23622
45768403	28331
45771731	10086
45788222	25685
45798149	10094
45802740	12460
45821421	15518
45836952	37771
45844735	10809
45862428	13731
45872814	13677
45884100	12805
45906261	10246
45917106	11705
46001689	50511
46007296	10425
46043294	29022
46081142	14609
46133601	11169
46136638	11731
46262780	241923
46315149	10972
46365332	16584
46379590	14534
46432580	16938
46433956	34435
46444111	31825
46449779	10209
46459223	31695
46491912	12325
46521825	21512
46536029	12741
46573699	37852
46576515	14178
46588581	24156
46607906	11824
46608654	24280
46670270	10584
46691172	10476
46731126	18415
46731911	15174
46797160	14592
46831096	11241
46854311	14926
46870903	318084
46917919	10852
46938645	18903
46943941	35860
46961231	39315
46984226	37414
47067013	10100
47078330	11062
47197317	14884
47258650	169750
47298505	11407
47340608	48267
47374051	19490
47422891	14026
47476136	32282
47488753	11581
47496427	10121
47597430	20963
47643864	23931
47673535	14005
47673998	19403
47678858	17339
47681439	11394
47783972	11846
47797726	10261
47825592	13122
47864609	13265
47937651	26991
47952619	15234
47999248	13951
48105749	21413
48171994	12988
48177760	13440
48187456	16134
48221245	12192
48225587	34893
48264539	15320
48272427	10852
48290582	11030
48298395	17852
48302375	11089
48303154	10610
48319420	67698
48327523	12195
48375837	11223
48380047	78675
48382044	26016
48396639	25703
48419216	11236
48422031	11579
48437886	12360
48441339	27133
48478652	11029
48485644	10285
48492039	28719
48599179	13649
48680711	13312
48689792	10653
48695316	12466
48701617	11265
48707152	12425
48726646	10487
48797535	10755
48816161	41439
48850586	33282
48894729	12424
48899079	13626
48902352	10458
48924955	17103
48928299	14857
48934318	254894
48939310	29967
48940211	21658
49072695	13276
49076101	10643
49080044	22130
49080161	10309
49188016	15271
49238101	10098
49324295	15338
49409520	22450
49431026	10285
49435062	25217
49502534	16349
49511472	10633
49549943	10458
49563370	15968
49585061	15908
49638059	15617
49646646	32937
49655397	15100
49682764	15897
49711351	106083
49743965	16946
49744949	10389
49764338	37492
49771418	41501
49796253	16881
49827251	15318
49841669	15624
49842191	65350
49856673	36208
49898582	17705
49959300	13064
49973766	11402
49977231	21100
50019200	10690
50023760	36103
50040117	13840
50059657	11492
50075024	10294
50086796	70012
50106927	11136
50120331	21224
50182933	13279
50233510	22272
50241415	19392
50274805	13339
50291776	25822
50304041	14822
50352429	25673
50497124	12922
50516151	17650
50538873	64159
50546315	40578
50551746	11317
50577011	13346
50645743	27558
50683906	25552
50705921	16314
50722823	29292
50723496	37770
50759402	23587
50766112	103350
50813105	26014
50816789	10200
50827513	17111
50830319	34786
50838456	22274
50886593	12913
50894417	10530
50937136	16850
51131877	10097
51137984	10222
51149454	11540
51154057	10770
51195062	12818
51233162	21394
51247441	10706
51263245	14284
51342532	11240
51344071	19409
51427769	11410
51428234	15618
51495968	18208
51499586	19170
51567813	16315
51614038	10303
51614181	11086
51671093	21282
51674044	14951
51690022	17023
51690508	12544
51778281	12862
51792922	11969
51794990	15638
51890059	25454
51929305	11045
51977075	45648
51995549	61520
52009260	15265
52016729	11333
52036027	64200
52039838	10454
52169508	10586
52206680	11350
52237288	10941
52240806	62156
52255231	69198
52294560	97973
52338614	10248
52371628	25605
52456322	11222
52458515	13602
52470564	10310
52477811	25975
52481940	122036
52502395	18661
52510606	23617
52650310	13556
52714347	11955
52748059	134438
52770740	20316
52794856	10851
52795444	14798
52796864	21068
52859573	27786
52859814	12770
52860087	18840
52860328	15070
52860447	14941
52860538	18211
52921759	10166
52933393	12979
52950772	10404
52951531	16000
52952248	18385
52952941	24306
52999182	12759
53101246	17830
53108068	29261
53111262	10629
53127546	19957
53128139	14979
53128333	17183
53128910	24193
53174868	29470
53197338	11085
53261152	10463
53262029	10414
53285196	27712
53307871	21679
53324818	10576
53378167	21676
53404811	37614
53414143	31805
53422722	190664
53443778	14225
53450647	10537
53485736	24671
53640720	27001
53675243	18118
53702830	38806
53703460	16412
53746938	13005
53792164	11592
53799950	14973
53820564	11188
53890235	115440
53932479	25384
53940006	23521
53942870	18667
53962812	11992
54056441	13644
54099212	14900
54119263	79264
54200328	10752
54235803	12416
54264793	11185
54298946	272142
54363536	10234
54393851	11058
54475482	10087
54482567	19874
54582413	10613
54585164	13487
54610243	114241
54671312	11414
54706505	11380
54800828	12202
54829116	152668
54851862	10951
54881342	10218
54893462	10177
54933471	11293
54933540	15072
55015230	48998
55048506	249815
55087713	24829
55111477	12454
55197673	22011
55231712	55970
55287514	16348
55445905	57119
55456858	90101
55539329	11008
55668250	10235
55720455	15389
55727750	16807
55759705	10120
55800971	24679
55819340	50768
55834034	11045
55834984	17383
55923745	36473
55967961	71166
55986174	14637
56002246	10325
56002498	22781
56035194	15985
56049239	40523
56127135	16429
56130603	16226
56182268	36493
56197223	11819
56212688	18590
56233363	27598
56269988	10608
56270716	11749
56451577	12518
56501338	15350
56507225	15173
56567433	19603
56579616	31790
56616623	25054
56628895	14765
56636986	13244
56704521	14202
56730998	10831
56746557	10718
56747642	17308
56762643	33595
56810380	20479
56827883	19470
57068113	100992
57074503	11586
57083755	10715
57135372	18272
57148222	11237
57149225	10313
57157087	40268
57157516	19861
57157919	12378
57158033	11440
57158179	13811
57158282	12461
57158531	17584
57158669	30951
57231221	22902
57231491	23418
57231723	16212
57232352	30478
57232593	13638
57233178	37098
57233323	19518
57246204	58464
57337426	10896
57391591	22101
57394606	11307
57405355	20070
57406882	14863
57425951	14022
57428541	43977
57456682	10907
57472509	44004
57604075	10949
57610724	10844
57687249	12822
57765041	31124
57778060	222955
57783595	27346
57891499	47382
57916879	10208
57981602	16413
58015319	258392
58104428	22785
58114040	11590
58163697	66105
58198903	12696
58235525	17424
58278126	29285
58285801	27157
58342356	13889
58346217	11049
58358371	14508
58358873	14255
58381234	23041
58424044	11834
58470765	44006
58519907	18697
58523799	32419
58577243	258594
58650181	14554
58683796	15082
58708121	17641
58727701	12740
58736000	19663
58754634	11609
58817413	55699
58906142	15774
58972230	17940
58979718	22806
59055551	16278
59094671	17470
59185795	10768
59230392	29172
59246574	18520
59320007	18904
59340383	11882
59350615	32065
59380620	35836
59483834	12703
59485439	11490
59539194	21266
59560579	43674
59575068	47887
59578694	64256
59606179	42778
59623061	31776
59661383	10022
59669588	11213
59678127	37758
59729145	13222
59751760	17923
59796975	13424
59802717	53893
59809885	21732
59827775	15953
59871892	30161
59874625	33996
59973349	12998
60029504	10029
60037597	26649
60088665	15063
60106978	21829
60224340	10455
60239586	10332
60340287	25076
60411436	28085
60571742	12253
60636777	12773
60641441	41132
60666025	11606
60716044	17841
60736161	17444
60754101	14496
60773195	18721
60871580	11529
60878522	12900
60930869	17653
60983465	36034
61026236	72574
61144050	16496
61147981	16570
61251313	11878
61278758	37609
61288462	42708
61380136	18797
61480074	11513
61493773	11536
61501007	17581
61560986	25506
61635858	13347
61661557	12300
61694751	10463
61709411	21902
61716460	13721
61718455	14507
61882854	19664
61883141	19731
61883353	19399
61883684	24970
61883869	12724
61884122	30699
61884443	26700
61884636	20206
61884902	40723
61956959	10815
61969135	44631
61972359	81061
61972382	101734
62010690	14038
62033900	38738
62040910	12258
62051964	15276
62053305	10585
62067478	11561
62098347	24536
62131328	12887
62235188	430979
62257382	24029
62284343	60403
62348458	54055
62383217	13349
62439768	24398
62452607	10386
62455031	16916
62467117	705353
62469420	25126
62521933	20857
62568468	11027
62596834	14195
62619519	15219
62759135	37955
62760900	13979
62789636	121566
62813990	17495
62916272	16153
63012708	39227
63076029	10260
63325360	65400
63329499	10975
63574439	14853
63589504	19581
63590921	10493
63698835	10374
63704914	12615
63851167	17175
63955107	16458
64000005	22854
64050357	10683
64085711	11544
64100370	15313
64189669	17551
64210604	10374
64227307	36437
64292640	10913
64336765	12116
64424356	13517
64447081	12839
64571422	14404
64661306	13963
64722772	31615
64844778	17567
64856007	25711
64937199	80580
65016528	17600
65057019	15927
65088889	19421
65090635	10111
65106364	23989
65122030	13289
65205169	31934
65236217	11503
65266835	61543
65333013	25213
65409063	14029
65419935	19097
65431822	39982
65437937	13306
65465412	13867
65535668	11789
65585857	23612
65618130	11541
65647586	20404
65651003	10969
65674394	33016
65676854	74777
65678364	11438
65845332	19646
65867474	36361
65875052	103369
65961529	12488
66016096	31943
66058882	10387
66065526	12029
66098116	35933
66124163	10659
66193949	14730
66212639	68616
66238697	11805
66305899	14760
66390711	12416
66491412	13883
66549982	12761
66638588	11137
66647715	27365
66660941	57316
66741346	10937
66951583	32304
67087000	11455
67105371	11212
67117674	14446
67136878	19158
67243757	14859
67253522	12984
67259200	26144
67312859	218965
67335642	10669
67384047	11121
67442203	20481
67445577	19613
67486989	13654
67509765	12251
67512737	12396
67525074	21367
67528900	12049
67718045	10745
67844240	16619
67874543	42698
67882918	14598
67885948	14756
67895028	96587
67912614	11794
67936657	310914
67992478	51547
67998815	11776
68069876	11012
68113714	13205
68176522	14455
68312271	10429
68341526	10343
68449583	14881
68531360	12394
68545068	42225
68600761	14982
68773294	16951
68779230	11107
68905785	10802
68925541	16212
69015615	12112
69110123	10202
69139754	16357
69170482	11120
69180215	28330
69337273	15562
69421349	12473
69425663	192801
69515917	11815
69541978	34001
69604490	54206
69640465	27205
69643325	30619
69652380	24282
69818161	38984
69820232	33229
69821143	41615
69824784	28129
69909234	32083
69932650	18195
69973259	10007
69992493	10537
70026411	11943
70054903	13317
70065597	11246
70152526	11866
70164692	51119
70183719	10610
70218490	299624
70516337	14606
70564346	22686
70693461	40161
70730916	28125
70795283	10496
70859079	26385
70926456	13068
70947682	13853
71011698	10115
71037746	24229
71064070	10318
71087485	11237
71185943	12014
71202663	81027
71455205	12581
71508555	11041
71604551	16534
71654620	17833
71659061	10150
71758891	10656
71762316	13408
71806268	14322
71839638	10280
71855261	24128
71868915	10548
71901112	23534
72028797	17155
72067703	13554
72070183	11112
72089845	20091
72092189	27136
72115062	17348
72374169	20630
72397242	16487
72413717	10652
72432403	86263
72475567	10591
72512629	12178
72528430	27893
72548226	18406
72665192	12983
72670223	22440
72715957	13770
72744501	24858
72823490	10413
72874811	119008
72883332	29593
72906582	18837
72917731	65582
72988452	20900
72993337	14152
73040060	14414
73074741	27778
73129925	20901
73145651	10962
73178139	14536
73223141	12394
73323038	14075
73366907	13237
73389716	10116
73453169	10999
73456745	19417
73461359	10001
73464777	15238
73637445	11843
73647393	18093
73664267	43006
73707140	17199
73769464	10868
73770273	37311
73826097	13199
73881724	11277
73926727	58624
73958051	51173
74002273	15782
74055050	10966
74132055	11982
74139096	10650
74161441	21029
74206604	17585
74208221	10002
74230469	10061
74289673	33704
74357794	10694
74370984	12204
74373437	11421
74409545	37424
74451943	37118
74526971	11674
74704442	17570
74728702	92283
74777848	11049
74852838	10524
74911655	10997
74929171	13390
74930259	26959
74939724	14369
75046379	298815
75119401	23356
75144071	10370
75145330	13319
75161151	12188
75167970	30047
75191392	11127
75241639	15805
75272122	20558
75274286	18117
75281603	14727
75308629	12673
75332830	22568
75393008	29040
75456731	10097
75508441	19008
75525677	21938
75546545	10543
75580134	57458
75593192	16333
75625223	90977
75670708	20555
75671710	10430
75689504	15296
75720934	107328
75853277	10511
75888130	12642
76189364	10309
76193310	16016
76260397	11084
76277172	10663
76325127	10090
76418873	10065
76458454	16884
76539029	10449
76545892	10611
76571290	12559
76572253	23404
76680148	12550
76822991	14643
76863817	20097
77019393	36943
77050438	11061
77124532	53367
77145358	11552
77147595	14112
77239402	17681
77309021	14801
77318074	13824
77461074	27122
77614865	13344
77615586	11448
77635662	19390
77779377	13125
77922871	60322
78048821	14191
78049347	11038
78086691	15925
78087478	10333
78111240	11729
78160539	26450
78271494	12023
78272354	56808
78325681	23947
78354595	16357
78394541	17318
78424154	15656
78474103	26256
78495207	25158
78564693	18826
78715851	10851
78728001	32588
78732690	12557
78742398	16734
78753290	16735
78832005	11573
78853628	59918
78990002	21212
79053678	27008
79083379	31951
79134460	15870
79209776	10269
79280578	10838
79308144	10364
79386684	16299
79566129	52705
79580828	17913
79600385	10194
79618217	17075
79726087	42203
79802437	11008
79876389	18234
79929710	13760
79937317	21973
79962740	496537
79979433	10102
80024046	15305
80024345	37497
80029540	39083
80030240	35092
80040159	10202
80128266	11218
80179287	15692
80212892	51392
80313727	103347
80340973	11165
80341384	10368
80341599	10333
80341859	10211
80365969	51266
80390061	20398
80390433	11637
80479477	13719
80544134	15595
80710238	10552
80714979	30274
80769288	72941
80782247	13813
80800749	16354
80833202	169455
80841100	19321
80949556	14052
80982815	15754
81021030	47900
81147046	11929
81242584	192455
81400378	19293
81412372	32838
81591627	31647
81601463	12115
81648881	13474
81650544	21942
81739981	13819
81900123	10709
81908037	13089
81971931	58397
82116194	10900
82148217	47374
82256393	11863
82256638	63757
82256836	20352
82257079	11103
82257527	44736
82257664	12909
82257861	41880
82263962	25078
82334011	38909
82371572	10045
82421205	10221
82460431	17395
82460939	12092
82492682	21580
82494836	18923
82673453	10920
82681213	15850
82961891	13551
82984105	23143
83082275	12653
83328202	10534
83328801	10291
83350909	48228
83421578	32470
83458254	21269
83458652	39904
83472783	11217
83517436	12299
83576904	16968
83695242	10131
83802576	23337
83829234	19194
83845267	10780
83865845	447437
83932156	74197
83932609	15986
83933562	35642
83933915	51572
83939534	17786
84001503	13008
84150284	10650
84243794	13413
84324916	11009
84327168	10346
84337823	17777
84358614	41917
84416596	23687
84548049	12196
84550689	15119
84565672	10674
84566427	20994
84671456	12742
84738449	11031
84753470	100925
84867451	11019
84881664	30448
85007811	15886
85028750	11784
85030409	22502
85032326	15620
85082281	11723
85135751	10483
85189393	51051
85328060	11533
85402394	14125
85406657	19733
85438387	102936
85491045	85807
85504017	10065
85544800	11633
85548107	14872
85596089	16650
85715491	10950
85730059	13391
85743215	12085
85776472	11449
85821443	23388
85849594	41524
86023563	10940
86128292	22262
86154285	28236
86181921	12217
86473364	12363
86477751	12389
86539810	72925
86562431	13453
86619326	10050
86642556	33950
86686400	11841
86797976	19529
86841845	11031
86904670	10192
86976719	13316
86997476	12453
87141885	14558
87213020	11908
87222906	17547
87269347	15018
87294422	10670
87334572	24281
87488079	14054
87509339	12733
87537462	16092
87554167	11930
87646105	51741
87684787	12575
87869905	13498
88047053	10595
88193559	10821
88235947	30057
88267917	18928
88295670	10281
88350411	12517
88355941	26216
88531590	39541
88571445	34457
88760530	12866
88768275	10422
88948622	10050
89072614	10221
89081279	19877
89164872	1678349
89174587	65302
89201150	13153
89314905	21935
89361859	14907
89409278	15476
89446883	10309
89464745	13102
89582669	38109
89791062	50585
89791134	42133
89845253	18660
89853518	16826
89873253	13913
89950335	11160
90199867	10027
90238263	14025
90289034	27370
90456002	12012
90527907	14699
90550593	12545
90593436	13905
90744670	15511
90858474	20680
90919150	50559
90953558	12927
90963939	12177
90973408	32683
91039703	18523
91048834	21650
91230013	22709
91503744	42644
91555851	11401
91560605	14116
91724420	99196
91813104	10562
91849420	14782
91861152	16079
91954178	11309
92103480	22016
92126911	13095
92162597	11182
92204452	33187
92316729	13975
92526927	37367
92698691	22566
92900859	11334
92996372	21228
93123903	10620
93225361	11757
93415734	10839
93521285	13080
93528713	25733
93558699	13992
93579230	15257
93712564	34399
93856314	15976
93982991	13501
94062310	20542
94124837	36186
94135374	14667
94166237	22816
94223530	10955
94293583	11348
94400765	17807
94455568	66649
94734964	576555
94825387	29391
94857472	11780
95283124	28964
95365790	21791
95445915	11434
95470200	28488
95479884	13739
95506908	30340
95600965	17136
95600968	27056
95600970	14960
95619480	10655
95699447	11071
95705061	31266
95747301	338723
95999072	16274
96012698	14705
96012748	53965
96012840	49309
96013049	48103
96013163	21329
96013176	27697
96013510	81262
96014840	13991
96017918	154078
96018309	58453
96018559	74249
96030916	31469
96031510	46334
96031548	738563
96033931	48502
96033969	80362
96034007	84443
96034466	132559
96038731	31860
96039556	44897
96039609	120009
96039666	25965
96039756	72155
96040098	119956
96040605	26380
96040717	27518
96040992	21119
96042041	29188
96044034	98363
96044652	102107
96044720	34266
96044752	19010
96044781	81964
96045976	50451
96046069	27412
96046310	471735
96047136	52004
96047343	140213
96047613	102755
96047663	55656
96047704	36901
96047723	57766
96047762	63140
96047790	15650
96047795	98306
96047839	90021
96047852	103736
96047862	80404
96269522	10676
96287808	16850
96708543	29158
97179243	12520
97343193	38261
97391198	10010
97447166	68489
97551787	19159
97893444	11547
97948824	11052
98228102	11507
98230158	11810
98263296	13524
98376951	46489
98644836	53572
98692595	10786
98791068	17496
98810662	35914
99081567	31276
99090130	51783
99206247	13022
99402721	10027
99429165	33596
99466007	20906
99515342	22369
99668542	66483
99745378	66383
99881840	12696
99900355	14649
99980832	15643
100185361	19034
100251557	10310
100478690	11025
100529486	18960
100628363	13384
100637152	13333
100720626	11837
100897288	11621
101067380	13460
101315357	39173
101336131	10447
101347741	21404
101486957	24277
101607737	85558
101804409	11270
101999797	10191
102050081	13023
102077171	13192
102169709	10333
102396489	19216
102438552	11357
102572150	26137
102608696	16292
102629125	13826
102707013	99938
102982630	10402
103010387	35859
103267615	11743
103370970	13686
103412643	38129
103511673	19884
103601515	78478
103633652	14520
103675958	14526
103865349	10480
103927337	11372
104043933	31118
104050493	11172
104460563	18607
104808226	23200
105014517	12082
105116497	16670
105128941	12084
105289036	10435
105335647	165586
105464859	20805
105505366	12302
105563226	13689
105820145	26286
105823750	46004
105900018	171492
105904480	15032
106006415	15276
106069801	17952
106122472	57921
106136707	10344
106171197	11269
106173859	12108
106259661	11944
106422476	30798
106690030	18157
106692736	11201
106774031	10548
106777604	14800
107229282	11997
107235744	13846
107378018	13093
107702154	24940
107863083	206467
107970799	15005
107985994	16302
107987708	13241
108046647	34327
108081885	11901
108405805	21878
108475759	14038
108500319	13120
108569999	114809
108734997	10465
108916330	11266
109083066	10833
109387449	16026
109584053	20111
109682447	13144
109943344	15630
110025892	11123
110066463	18683
110254794	15137
110258458	10845
110526998	19829
110674734	16799
110688114	12446
110693670	24543
110735917	17228
110832461	10341
110953678	14277
111349084	12366
111412556	40598
111517834	12109
111519337	12263
111823503	11987
111854322	41348
111992669	46959
112007755	12893
112185143	37378
112301648	11161
112356243	12616
112358003	10250
112492893	21569
112603113	27295
112616540	51081
112736512	11617
112760510	14534
112893349	10797
112902262	16585
112909971	34488
113201559	11636
113241077	14947
113430959	12985
113442698	18872
113833387	56177
114015932	19027
114275697	17626
114285911	25869
114401435	13727
114412816	11002
114557996	34136
114593282	24860
114898636	11730
114909490	17627
114921525	11024
115157850	14800
115179538	14047
115539368	11371
115676546	12024
115795774	24041
116362678	12331
116444195	12075
116488057	11939
116859741	11149
116891710	28681
117312123	13597
117625165	21929
117696417	36214
117784688	10925
117829231	18104
117862195	48598
117897264	29389
118127791	30811
118342676	11041
118442424	12639
118657193	103606
118719303	74141
118752812	10411
119268887	34214
119380462	14829
119724665	11188
119946768	14428
120154139	21938
120268132	40860
120415199	10684
120422380	12131
120480437	11212
120566783	31340
120748401	21360
120886942	16454
120993753	27259
120996651	19984
121072986	19476
121086833	11822
121249147	11063
121318326	11478
121448441	15863
121540241	48984
121575386	10562
121627753	58908
121719083	10561
121782830	51729
122128239	23786
122147008	18503
122376789	17850
122406577	22143
122488783	20630
122733622	42998
122742996	13969
122759178	20230
122762227	17262
122882406	10065
123177890	13925
123512674	13948
123526568	24242
123646811	21004
123961937	54817
123965707	14893
124007686	10757
124203573	29135
124377279	10690
124646996	16034
124722766	11910
124839176	15958
124874227	429756
125573578	10847
125637291	16553
125825823	10001
126261341	37096
126639047	13505
126679471	13836
127384892	17520
127647206	12304
128184150	15597
128667221	32006
129008231	14091
129023686	31853
129052971	14180
129496999	51243
129504975	12334
129786881	16376
130162441	46616
130213518	10375
130692255	20671
130809204	103450
130975868	10758
131046436	15834
131415660	18492
131752633	16739
132107790	15049
132157339	11502
132191927	23976
132282116	11534
132978250	10359
133238305	11902
133411764	25554
133446359	25050
133605920	13888
133619691	12218
133929303	11098
133931064	65169
133977303	28569
134297599	11935
134816051	10371
135432499	19920
135454110	12024
135553734	18983
135656709	12850
135715359	17973
135913112	74814
135976278	10038
136636094	10108
136676532	11465
136815211	12968
136941275	16116
137136436	12067
137554607	12600
137739751	12827
137941479	16403
137948677	14634
138034069	12149
138222162	10760
138224212	52365
138298090	12346
138470113	13211
138746512	13141
139136304	51336
139359892	11131
139467665	11506
139568743	16524
139773451	24491
139799878	39380
140624300	11717
141449569	12891
141903196	10200
142337833	10736
143045350	20468
143638665	10547
143707255	11757
145386024	16291
145633932	23866
145727905	11100
146125601	11889
147241881	10271
147442072	12191
148087041	11528
148184786	10301
148539794	16594
148618353	12008
151265904	10194
151510313	10729
151787514	38267
152241382	13392
153027209	10144
153581033	16240
154016507	20925
156198998	36069
157086102	10609
158053976	10901
158067152	12682
158685314	11355
159024707	41981
159136959	10514
160357909	66108
160450528	29840
160861403	51150
160956210	11123
160984468	13420
161214778	42009
161894439	12144
162441970	12121
163406339	10473
164161252	59413
165456748	12238
165522468	10019
166453852	22189
167328807	11437
167487604	14736
167957143	25063
168485500	10137
168486672	11811
170381022	11348
170906984	49112
171232269	10469
171290925	26525
174179428	10679
174838374	57364
175601577	19116
176103027	52251
177701709	12939
179133137	16031
179490419	17733
179571411	14929
179903825	15090
179970059	16478
180245567	10950
180445984	10328
181436274	15403
182343710	37488
183373368	10727
183623565	10757
185243648	10278
185442102	11202
186105741	11478
188263149	12839
189300972	13826
189476647	13332
189828822	18909
189865140	18894
189958932	17549
190097914	21400
191466271	84420
195818323	153220
196510562	10243
196969467	31903
197078046	10279
197631539	60230
202924039	21123
